MuzStream data/LatinoAndMore.input 40 33 84 5
Top-5:
Anuel AA & Karol G	Secreto - 1B - 5	0
ROSALÍA & Ozuna	Yo x Ti, Tu x Mi - 2A - 6	258
Francesco Yates	Come Over	459
Karol G & Maluma	Créeme - 2B - 7	686
Daddy Yankee & Anuel AA	Adictiva - 8A - 6	898
Top-5:
Lady Gaga & Bradley Cooper	Shallow - 9B - 5	4793
Pitbull	Mala (feat. Becky G.) - 1B - 7	5224
Joe Dassin	Que sont devenues mes amours ? - 7B - 4	3470
Ash & Naila	Give a Little - 2A - 5	4891
Sharon Jones & The Dap-Kings	You're Gonna Get It - 12B - 4	4203
Top-5:
Pitbull	Mala (feat. Becky G.) - 1B - 7	5211
Pitbull	Happy Mamá Day (feat. Chacal & Sky Monroe) - 4A - 7	5335
Nylez, Clandes, Oxy Mc, Adonay, J-Manny & Jheral	Hoy Voy a Beber - 10A - 7	5399
Tamara	Abrazame - 12A - 4	5412
Maluma	La Flaca (feat. Chencho Corleone) - 4A - 6	7830
Top-5:
Nylez, Clandes, Oxy Mc, Adonay, J-Manny & Jheral	Hoy Voy a Beber - 10A - 7	5465
Pitbull	Happy Mamá Day (feat. Chacal & Sky Monroe) - 4A - 7	5415
Tamara	Abrazame - 12A - 4	5458
Pedro Capó & Farruko	Calma (Remix) - 10B - 6	4705
J Dot Manswell	P.T.B.T. (Proud to Be Trini) - 12A - 6	4557
Top-5:
Nylez, Clandes, Oxy Mc, Adonay, J-Manny & Jheral	Hoy Voy a Beber - 10A - 7	5401
Pitbull	Happy Mamá Day (feat. Chacal & Sky Monroe) - 4A - 7	5359
Tamara	Abrazame - 12A - 4	5382
Lucas Piraino	Háblame Suavecito	6115
Pitbull	Mala (feat. Becky G.) - 1B - 7	6651
Top-5:
Pitbull	Happy Mamá Day (feat. Chacal & Sky Monroe) - 4A - 7	5349
Nylez, Clandes, Oxy Mc, Adonay, J-Manny & Jheral	Hoy Voy a Beber - 10A - 7	5385
Tamara	Abrazame - 12A - 4	5359
Francesco Yates	Come Over	6898
Pedro Capó & Farruko	Calma (Remix) - 10B - 6	6166
Top-5:
Nylez, Clandes, Oxy Mc, Adonay, J-Manny & Jheral	Hoy Voy a Beber - 10A - 7	5463
Pitbull	Happy Mamá Day (feat. Chacal & Sky Monroe) - 4A - 7	5431
Tamara	Abrazame - 12A - 4	5431
Pedro Capó & Farruko	Calma (Remix) - 10B - 6	6105
Anuel AA	Quiere Beber - 4B - 6	5297
Top-5:
Pitbull	Happy Mamá Day (feat. Chacal & Sky Monroe) - 4A - 7	5445
Nylez, Clandes, Oxy Mc, Adonay, J-Manny & Jheral	Hoy Voy a Beber - 10A - 7	5474
Tamara	Abrazame - 12A - 4	5438
Anuel AA	Quiere Beber - 4B - 6	5344
J Dot Manswell	P.T.B.T. (Proud to Be Trini) - 12A - 6	7191
Top-5:
Pitbull	Happy Mamá Day (feat. Chacal & Sky Monroe) - 4A - 7	5464
Nylez, Clandes, Oxy Mc, Adonay, J-Manny & Jheral	Hoy Voy a Beber - 10A - 7	5491
Tamara	Abrazame - 12A - 4	5452
Savoir Flair	Keep Holding On - 5A - 5	7249
J Dot Manswell	P.T.B.T. (Proud to Be Trini) - 12A - 6	6932
Top-5:
Pitbull	Happy Mamá Day (feat. Chacal & Sky Monroe) - 4A - 7	5467
Nylez, Clandes, Oxy Mc, Adonay, J-Manny & Jheral	Hoy Voy a Beber - 10A - 7	5491
Tamara	Abrazame - 12A - 4	5450
Savoir Flair	Keep Holding On - 5A - 5	8193
J Dot Manswell	P.T.B.T. (Proud to Be Trini) - 12A - 6	7876
Top-5:
Nylez, Clandes, Oxy Mc, Adonay, J-Manny & Jheral	Hoy Voy a Beber - 10A - 7	5477
Pitbull	Happy Mamá Day (feat. Chacal & Sky Monroe) - 4A - 7	5454
Tamara	Abrazame - 12A - 4	5433
J Dot Manswell	P.T.B.T. (Proud to Be Trini) - 12A - 6	7514
Savoir Flair	Keep Holding On - 5A - 5	7776
Top-5:
Pitbull	Happy Mamá Day (feat. Chacal & Sky Monroe) - 4A - 7	5482
Tamara	Abrazame - 12A - 4	5458
Nylez, Clandes, Oxy Mc, Adonay, J-Manny & Jheral	Hoy Voy a Beber - 10A - 7	5504
Savoir Flair	Keep Holding On - 5A - 5	7521
J Dot Manswell	P.T.B.T. (Proud to Be Trini) - 12A - 6	8366
Top-5:
Nylez, Clandes, Oxy Mc, Adonay, J-Manny & Jheral	Hoy Voy a Beber - 10A - 7	5510
Tamara	Abrazame - 12A - 4	5463
Pitbull	Happy Mamá Day (feat. Chacal & Sky Monroe) - 4A - 7	5489
Savoir Flair	Keep Holding On - 5A - 5	7299
J Dot Manswell	P.T.B.T. (Proud to Be Trini) - 12A - 6	8019
Top-5:
Nylez, Clandes, Oxy Mc, Adonay, J-Manny & Jheral	Hoy Voy a Beber - 10A - 7	5517
Pitbull	Happy Mamá Day (feat. Chacal & Sky Monroe) - 4A - 7	5497
Tamara	Abrazame - 12A - 4	5469
Savoir Flair	Keep Holding On - 5A - 5	7125
J Dot Manswell	P.T.B.T. (Proud to Be Trini) - 12A - 6	8742
Top-5:
Pitbull	Happy Mamá Day (feat. Chacal & Sky Monroe) - 4A - 7	5492
Nylez, Clandes, Oxy Mc, Adonay, J-Manny & Jheral	Hoy Voy a Beber - 10A - 7	5511
Tamara	Abrazame - 12A - 4	5462
Savoir Flair	Keep Holding On - 5A - 5	7685
J Dot Manswell	P.T.B.T. (Proud to Be Trini) - 12A - 6	8375
Top-5:
Pitbull	Happy Mamá Day (feat. Chacal & Sky Monroe) - 4A - 7	5494
Nylez, Clandes, Oxy Mc, Adonay, J-Manny & Jheral	Hoy Voy a Beber - 10A - 7	5513
Tamara	Abrazame - 12A - 4	5462
Savoir Flair	Keep Holding On - 5A - 5	7484
J Dot Manswell	P.T.B.T. (Proud to Be Trini) - 12A - 6	9009
Top-5:
Pitbull	Happy Mamá Day (feat. Chacal & Sky Monroe) - 4A - 7	5481
Nylez, Clandes, Oxy Mc, Adonay, J-Manny & Jheral	Hoy Voy a Beber - 10A - 7	5499
Tamara	Abrazame - 12A - 4	5447
Savoir Flair	Keep Holding On - 5A - 5	7979
Maluma	La Flaca (feat. Chencho Corleone) - 4A - 6	10464
Top-5:
Nylez, Clandes, Oxy Mc, Adonay, J-Manny & Jheral	Hoy Voy a Beber - 10A - 7	5501
Pitbull	Happy Mamá Day (feat. Chacal & Sky Monroe) - 4A - 7	5484
Tamara	Abrazame - 12A - 4	5449
Savoir Flair	Keep Holding On - 5A - 5	7771
Maluma	La Flaca (feat. Chencho Corleone) - 4A - 6	9972
Top-5:
Pitbull	Happy Mamá Day (feat. Chacal & Sky Monroe) - 4A - 7	5501
Nylez, Clandes, Oxy Mc, Adonay, J-Manny & Jheral	Hoy Voy a Beber - 10A - 7	5518
Tamara	Abrazame - 12A - 4	5465
Savoir Flair	Keep Holding On - 5A - 5	7617
J Dot Manswell	P.T.B.T. (Proud to Be Trini) - 12A - 6	8900
Top-5:
Pitbull	Happy Mamá Day (feat. Chacal & Sky Monroe) - 4A - 7	5489
Nylez, Clandes, Oxy Mc, Adonay, J-Manny & Jheral	Hoy Voy a Beber - 10A - 7	5506
Tamara	Abrazame - 12A - 4	5452
Savoir Flair	Keep Holding On - 5A - 5	8035
J Dot Manswell	P.T.B.T. (Proud to Be Trini) - 12A - 6	8598
Top-5:
Pitbull	Happy Mamá Day (feat. Chacal & Sky Monroe) - 4A - 7	5474
Nylez, Clandes, Oxy Mc, Adonay, J-Manny & Jheral	Hoy Voy a Beber - 10A - 7	5490
Tamara	Abrazame - 12A - 4	5436
J Dot Manswell	P.T.B.T. (Proud to Be Trini) - 12A - 6	8336
Savoir Flair	Keep Holding On - 5A - 5	8446
Top-5:
Pitbull	Happy Mamá Day (feat. Chacal & Sky Monroe) - 4A - 7	5483
Nylez, Clandes, Oxy Mc, Adonay, J-Manny & Jheral	Hoy Voy a Beber - 10A - 7	5499
Tamara	Abrazame - 12A - 4	5444
J Dot Manswell	P.T.B.T. (Proud to Be Trini) - 12A - 6	8786
Savoir Flair	Keep Holding On - 5A - 5	8897
Top-5:
Pitbull	Happy Mamá Day (feat. Chacal & Sky Monroe) - 4A - 7	5487
Nylez, Clandes, Oxy Mc, Adonay, J-Manny & Jheral	Hoy Voy a Beber - 10A - 7	5502
Tamara	Abrazame - 12A - 4	5447
J Dot Manswell	P.T.B.T. (Proud to Be Trini) - 12A - 6	9228
Savoir Flair	Keep Holding On - 5A - 5	9339
Top-5:
Nylez, Clandes, Oxy Mc, Adonay, J-Manny & Jheral	Hoy Voy a Beber - 10A - 7	5489
Pitbull	Happy Mamá Day (feat. Chacal & Sky Monroe) - 4A - 7	5474
Tamara	Abrazame - 12A - 4	5434
J Dot Manswell	P.T.B.T. (Proud to Be Trini) - 12A - 6	8940
Savoir Flair	Keep Holding On - 5A - 5	9038
Top-5:
Pitbull	Happy Mamá Day (feat. Chacal & Sky Monroe) - 4A - 7	5473
Nylez, Clandes, Oxy Mc, Adonay, J-Manny & Jheral	Hoy Voy a Beber - 10A - 7	5488
Tamara	Abrazame - 12A - 4	5432
J Dot Manswell	P.T.B.T. (Proud to Be Trini) - 12A - 6	9342
Savoir Flair	Keep Holding On - 5A - 5	9440
Top-5:
Nylez, Clandes, Oxy Mc, Adonay, J-Manny & Jheral	Hoy Voy a Beber - 10A - 7	5496
Pitbull	Happy Mamá Day (feat. Chacal & Sky Monroe) - 4A - 7	5481
Tamara	Abrazame - 12A - 4	5440
J Dot Manswell	P.T.B.T. (Proud to Be Trini) - 12A - 6	9099
Lucas Piraino	Háblame Suavecito	10144
Top-5:
Tamara	Abrazame - 12A - 4	5443
Nylez, Clandes, Oxy Mc, Adonay, J-Manny & Jheral	Hoy Voy a Beber - 10A - 7	5499
Pitbull	Happy Mamá Day (feat. Chacal & Sky Monroe) - 4A - 7	5485
Savoir Flair	Keep Holding On - 5A - 5	9570
Lucas Piraino	Háblame Suavecito	9840
Top-5:
Pitbull	Happy Mamá Day (feat. Chacal & Sky Monroe) - 4A - 7	5488
Nylez, Clandes, Oxy Mc, Adonay, J-Manny & Jheral	Hoy Voy a Beber - 10A - 7	5502
Tamara	Abrazame - 12A - 4	5445
Savoir Flair	Keep Holding On - 5A - 5	9316
Lucas Piraino	Háblame Suavecito	9571
Top-5:
Nylez, Clandes, Oxy Mc, Adonay, J-Manny & Jheral	Hoy Voy a Beber - 10A - 7	5504
Pitbull	Happy Mamá Day (feat. Chacal & Sky Monroe) - 4A - 7	5490
Tamara	Abrazame - 12A - 4	5447
Lucas Piraino	Háblame Suavecito	9334
Savoir Flair	Keep Holding On - 5A - 5	9092
Top-5:
Pitbull	Happy Mamá Day (feat. Chacal & Sky Monroe) - 4A - 7	5489
Nylez, Clandes, Oxy Mc, Adonay, J-Manny & Jheral	Hoy Voy a Beber - 10A - 7	5502
Tamara	Abrazame - 12A - 4	5445
Lucas Piraino	Háblame Suavecito	9665
Savoir Flair	Keep Holding On - 5A - 5	9423
Top-5:
Pitbull	Happy Mamá Day (feat. Chacal & Sky Monroe) - 4A - 7	5484
Nylez, Clandes, Oxy Mc, Adonay, J-Manny & Jheral	Hoy Voy a Beber - 10A - 7	5497
Tamara	Abrazame - 12A - 4	5440
Lucas Piraino	Háblame Suavecito	9990
Savoir Flair	Keep Holding On - 5A - 5	9748
Top-5:
Nylez, Clandes, Oxy Mc, Adonay, J-Manny & Jheral	Hoy Voy a Beber - 10A - 7	5509
Pitbull	Happy Mamá Day (feat. Chacal & Sky Monroe) - 4A - 7	5496
Tamara	Abrazame - 12A - 4	5451
J Dot Manswell	P.T.B.T. (Proud to Be Trini) - 12A - 6	10033
Lucas Piraino	Háblame Suavecito	10345
Top-5:
Nylez, Clandes, Oxy Mc, Adonay, J-Manny & Jheral	Hoy Voy a Beber - 10A - 7	5512
Pitbull	Happy Mamá Day (feat. Chacal & Sky Monroe) - 4A - 7	5499
Tamara	Abrazame - 12A - 4	5454
Joe Dassin	Que sont devenues mes amours ? - 7B - 4	10573
J Dot Manswell	P.T.B.T. (Proud to Be Trini) - 12A - 6	10374
Top-5:
Pitbull	Happy Mamá Day (feat. Chacal & Sky Monroe) - 4A - 7	5498
Tamara	Abrazame - 12A - 4	5453
Nylez, Clandes, Oxy Mc, Adonay, J-Manny & Jheral	Hoy Voy a Beber - 10A - 7	5511
Savoir Flair	Keep Holding On - 5A - 5	10164
J Dot Manswell	P.T.B.T. (Proud to Be Trini) - 12A - 6	10102
Top-5:
Nylez, Clandes, Oxy Mc, Adonay, J-Manny & Jheral	Hoy Voy a Beber - 10A - 7	5513
Pitbull	Happy Mamá Day (feat. Chacal & Sky Monroe) - 4A - 7	5501
Tamara	Abrazame - 12A - 4	5455
Savoir Flair	Keep Holding On - 5A - 5	9920
Joe Dassin	Que sont devenues mes amours ? - 7B - 4	10607
Top-5:
Pitbull	Happy Mamá Day (feat. Chacal & Sky Monroe) - 4A - 7	5505
Nylez, Clandes, Oxy Mc, Adonay, J-Manny & Jheral	Hoy Voy a Beber - 10A - 7	5518
Tamara	Abrazame - 12A - 4	5459
J Dot Manswell	P.T.B.T. (Proud to Be Trini) - 12A - 6	10173
Savoir Flair	Keep Holding On - 5A - 5	10228
Top-5:
Pitbull	Happy Mamá Day (feat. Chacal & Sky Monroe) - 4A - 7	5506
Tamara	Abrazame - 12A - 4	5459
Nylez, Clandes, Oxy Mc, Adonay, J-Manny & Jheral	Hoy Voy a Beber - 10A - 7	5676
J Dot Manswell	P.T.B.T. (Proud to Be Trini) - 12A - 6	9941
Joe Dassin	Que sont devenues mes amours ? - 7B - 4	10644
Top-5:
Pitbull	Happy Mamá Day (feat. Chacal & Sky Monroe) - 4A - 7	5503
Tamara	Abrazame - 12A - 4	5457
Nylez, Clandes, Oxy Mc, Adonay, J-Manny & Jheral	Hoy Voy a Beber - 10A - 7	5670
Savoir Flair	Keep Holding On - 5A - 5	10270
J Dot Manswell	P.T.B.T. (Proud to Be Trini) - 12A - 6	10221
Top-5:
Tamara	Abrazame - 12A - 4	5455
Pitbull	Happy Mamá Day (feat. Chacal & Sky Monroe) - 4A - 7	5502
Nylez, Clandes, Oxy Mc, Adonay, J-Manny & Jheral	Hoy Voy a Beber - 10A - 7	5663
Savoir Flair	Keep Holding On - 5A - 5	10037
J Dot Manswell	P.T.B.T. (Proud to Be Trini) - 12A - 6	9994
Top-5:
Pitbull	Happy Mamá Day (feat. Chacal & Sky Monroe) - 4A - 7	5501
Tamara	Abrazame - 12A - 4	5454
Nylez, Clandes, Oxy Mc, Adonay, J-Manny & Jheral	Hoy Voy a Beber - 10A - 7	5659
Savoir Flair	Keep Holding On - 5A - 5	10306
J Dot Manswell	P.T.B.T. (Proud to Be Trini) - 12A - 6	10263
Top-5:
Pitbull	Happy Mamá Day (feat. Chacal & Sky Monroe) - 4A - 7	5504
Tamara	Abrazame - 12A - 4	5457
Nylez, Clandes, Oxy Mc, Adonay, J-Manny & Jheral	Hoy Voy a Beber - 10A - 7	5659
J Dot Manswell	P.T.B.T. (Proud to Be Trini) - 12A - 6	10053
Joe Dassin	Que sont devenues mes amours ? - 7B - 4	10689
Top-5:
Pitbull	Happy Mamá Day (feat. Chacal & Sky Monroe) - 4A - 7	5505
Tamara	Abrazame - 12A - 4	5458
Nylez, Clandes, Oxy Mc, Adonay, J-Manny & Jheral	Hoy Voy a Beber - 10A - 7	5656
J Dot Manswell	P.T.B.T. (Proud to Be Trini) - 12A - 6	9858
Savoir Flair	Keep Holding On - 5A - 5	10352
Top-5:
Pitbull	Happy Mamá Day (feat. Chacal & Sky Monroe) - 4A - 7	5505
Tamara	Abrazame - 12A - 4	5457
Nylez, Clandes, Oxy Mc, Adonay, J-Manny & Jheral	Hoy Voy a Beber - 10A - 7	5652
Savoir Flair	Keep Holding On - 5A - 5	10138
J Dot Manswell	P.T.B.T. (Proud to Be Trini) - 12A - 6	10105
Top-5:
Pitbull	Happy Mamá Day (feat. Chacal & Sky Monroe) - 4A - 7	5505
Tamara	Abrazame - 12A - 4	5457
Nylez, Clandes, Oxy Mc, Adonay, J-Manny & Jheral	Hoy Voy a Beber - 10A - 7	5649
Savoir Flair	Keep Holding On - 5A - 5	10385
J Dot Manswell	P.T.B.T. (Proud to Be Trini) - 12A - 6	10352
Top-5:
Pitbull	Happy Mamá Day (feat. Chacal & Sky Monroe) - 4A - 7	5511
Tamara	Abrazame - 12A - 4	5463
Nylez, Clandes, Oxy Mc, Adonay, J-Manny & Jheral	Hoy Voy a Beber - 10A - 7	5652
Savoir Flair	Keep Holding On - 5A - 5	10192
J Dot Manswell	P.T.B.T. (Proud to Be Trini) - 12A - 6	10611
Top-5:
Tamara	Abrazame - 12A - 4	5465
Pitbull	Happy Mamá Day (feat. Chacal & Sky Monroe) - 4A - 7	5513
Nylez, Clandes, Oxy Mc, Adonay, J-Manny & Jheral	Hoy Voy a Beber - 10A - 7	5651
Savoir Flair	Keep Holding On - 5A - 5	10433
J Dot Manswell	P.T.B.T. (Proud to Be Trini) - 12A - 6	10862
Top-5:
Pitbull	Happy Mamá Day (feat. Chacal & Sky Monroe) - 4A - 7	5521
Tamara	Abrazame - 12A - 4	5472
Nylez, Clandes, Oxy Mc, Adonay, J-Manny & Jheral	Hoy Voy a Beber - 10A - 7	5656
Savoir Flair	Keep Holding On - 5A - 5	10248
Joe Dassin	Que sont devenues mes amours ? - 7B - 4	11256
Top-5:
Tamara	Abrazame - 12A - 4	5470
Pitbull	Happy Mamá Day (feat. Chacal & Sky Monroe) - 4A - 7	5518
Nylez, Clandes, Oxy Mc, Adonay, J-Manny & Jheral	Hoy Voy a Beber - 10A - 7	5651
Savoir Flair	Keep Holding On - 5A - 5	10060
Joe Dassin	Que sont devenues mes amours ? - 7B - 4	11498
Top-5:
Pitbull	Happy Mamá Day (feat. Chacal & Sky Monroe) - 4A - 7	5521
Tamara	Abrazame - 12A - 4	5472
Nylez, Clandes, Oxy Mc, Adonay, J-Manny & Jheral	Hoy Voy a Beber - 10A - 7	5651
Savoir Flair	Keep Holding On - 5A - 5	10284
José José	La Nave del Olvido - 8A - 5	10445
Top-5:
Pitbull	Happy Mamá Day (feat. Chacal & Sky Monroe) - 4A - 7	5524
Tamara	Abrazame - 12A - 4	5475
Nylez, Clandes, Oxy Mc, Adonay, J-Manny & Jheral	Hoy Voy a Beber - 10A - 7	5652
Savoir Flair	Keep Holding On - 5A - 5	10508
Joe Dassin	Que sont devenues mes amours ? - 7B - 4	11496
Top-5:
Pitbull	Happy Mamá Day (feat. Chacal & Sky Monroe) - 4A - 7	5525
Tamara	Abrazame - 12A - 4	5476
Nylez, Clandes, Oxy Mc, Adonay, J-Manny & Jheral	Hoy Voy a Beber - 10A - 7	5651
Savoir Flair	Keep Holding On - 5A - 5	10324
J Dot Manswell	P.T.B.T. (Proud to Be Trini) - 12A - 6	11143
Top-5:
Pitbull	Happy Mamá Day (feat. Chacal & Sky Monroe) - 4A - 7	5525
Tamara	Abrazame - 12A - 4	5476
Nylez, Clandes, Oxy Mc, Adonay, J-Manny & Jheral	Hoy Voy a Beber - 10A - 7	5648
Savoir Flair	Keep Holding On - 5A - 5	10535
J Dot Manswell	P.T.B.T. (Proud to Be Trini) - 12A - 6	10927
Top-5:
Pitbull	Happy Mamá Day (feat. Chacal & Sky Monroe) - 4A - 7	5527
Tamara	Abrazame - 12A - 4	5477
Nylez, Clandes, Oxy Mc, Adonay, J-Manny & Jheral	Hoy Voy a Beber - 10A - 7	5648
Savoir Flair	Keep Holding On - 5A - 5	10358
J Dot Manswell	P.T.B.T. (Proud to Be Trini) - 12A - 6	10731
Top-5:
Pitbull	Happy Mamá Day (feat. Chacal & Sky Monroe) - 4A - 7	5530
Tamara	Abrazame - 12A - 4	5481
Nylez, Clandes, Oxy Mc, Adonay, J-Manny & Jheral	Hoy Voy a Beber - 10A - 7	5649
Savoir Flair	Keep Holding On - 5A - 5	10568
J Dot Manswell	P.T.B.T. (Proud to Be Trini) - 12A - 6	10949
Top-5:
Tamara	Abrazame - 12A - 4	5473
Pitbull	Happy Mamá Day (feat. Chacal & Sky Monroe) - 4A - 7	5522
Nylez, Clandes, Oxy Mc, Adonay, J-Manny & Jheral	Hoy Voy a Beber - 10A - 7	5639
Savoir Flair	Keep Holding On - 5A - 5	10378
J Dot Manswell	P.T.B.T. (Proud to Be Trini) - 12A - 6	10740
Top-5:
Pitbull	Happy Mamá Day (feat. Chacal & Sky Monroe) - 4A - 7	5524
Tamara	Abrazame - 12A - 4	5474
Nylez, Clandes, Oxy Mc, Adonay, J-Manny & Jheral	Hoy Voy a Beber - 10A - 7	5639
J Dot Manswell	P.T.B.T. (Proud to Be Trini) - 12A - 6	10565
Savoir Flair	Keep Holding On - 5A - 5	10578
Top-5:
Tamara	Abrazame - 12A - 4	5473
Nylez, Clandes, Oxy Mc, Adonay, J-Manny & Jheral	Hoy Voy a Beber - 10A - 7	5635
Pitbull	Happy Mamá Day (feat. Chacal & Sky Monroe) - 4A - 7	5624
J Dot Manswell	P.T.B.T. (Proud to Be Trini) - 12A - 6	10394
Savoir Flair	Keep Holding On - 5A - 5	10771
Top-5:
Tamara	Abrazame - 12A - 4	5474
Pitbull	Happy Mamá Day (feat. Chacal & Sky Monroe) - 4A - 7	5624
Nylez, Clandes, Oxy Mc, Adonay, J-Manny & Jheral	Hoy Voy a Beber - 10A - 7	5739
J Dot Manswell	P.T.B.T. (Proud to Be Trini) - 12A - 6	10587
Savoir Flair	Keep Holding On - 5A - 5	10971
Top-5:
Tamara	Abrazame - 12A - 4	5476
Pitbull	Happy Mamá Day (feat. Chacal & Sky Monroe) - 4A - 7	5625
Nylez, Clandes, Oxy Mc, Adonay, J-Manny & Jheral	Hoy Voy a Beber - 10A - 7	5738
Savoir Flair	Keep Holding On - 5A - 5	10793
J Dot Manswell	P.T.B.T. (Proud to Be Trini) - 12A - 6	10782
Top-5:
Tamara	Abrazame - 12A - 4	5477
Pitbull	Happy Mamá Day (feat. Chacal & Sky Monroe) - 4A - 7	5624
Nylez, Clandes, Oxy Mc, Adonay, J-Manny & Jheral	Hoy Voy a Beber - 10A - 7	5735
Savoir Flair	Keep Holding On - 5A - 5	10622
J Dot Manswell	P.T.B.T. (Proud to Be Trini) - 12A - 6	10973
Top-5:
Tamara	Abrazame - 12A - 4	5477
Pitbull	Happy Mamá Day (feat. Chacal & Sky Monroe) - 4A - 7	5622
Nylez, Clandes, Oxy Mc, Adonay, J-Manny & Jheral	Hoy Voy a Beber - 10A - 7	5731
Savoir Flair	Keep Holding On - 5A - 5	10461
J Dot Manswell	P.T.B.T. (Proud to Be Trini) - 12A - 6	10798
Top-5:
Tamara	Abrazame - 12A - 4	5474
Pitbull	Happy Mamá Day (feat. Chacal & Sky Monroe) - 4A - 7	5618
Nylez, Clandes, Oxy Mc, Adonay, J-Manny & Jheral	Hoy Voy a Beber - 10A - 7	5725
Savoir Flair	Keep Holding On - 5A - 5	10305
J Dot Manswell	P.T.B.T. (Proud to Be Trini) - 12A - 6	10629
Top-5:
Tamara	Abrazame - 12A - 4	5478
Pitbull	Happy Mamá Day (feat. Chacal & Sky Monroe) - 4A - 7	5621
Nylez, Clandes, Oxy Mc, Adonay, J-Manny & Jheral	Hoy Voy a Beber - 10A - 7	5727
Savoir Flair	Keep Holding On - 5A - 5	10487
J Dot Manswell	P.T.B.T. (Proud to Be Trini) - 12A - 6	10816
Top-5:
Tamara	Abrazame - 12A - 4	5477
Pitbull	Happy Mamá Day (feat. Chacal & Sky Monroe) - 4A - 7	5618
Nylez, Clandes, Oxy Mc, Adonay, J-Manny & Jheral	Hoy Voy a Beber - 10A - 7	5722
Savoir Flair	Keep Holding On - 5A - 5	10336
J Dot Manswell	P.T.B.T. (Proud to Be Trini) - 12A - 6	10991
Top-5:
Tamara	Abrazame - 12A - 4	5476
Pitbull	Happy Mamá Day (feat. Chacal & Sky Monroe) - 4A - 7	5616
Nylez, Clandes, Oxy Mc, Adonay, J-Manny & Jheral	Hoy Voy a Beber - 10A - 7	5719
Savoir Flair	Keep Holding On - 5A - 5	10197
J Dot Manswell	P.T.B.T. (Proud to Be Trini) - 12A - 6	10825
Top-5:
Tamara	Abrazame - 12A - 4	5477
Pitbull	Happy Mamá Day (feat. Chacal & Sky Monroe) - 4A - 7	5616
Nylez, Clandes, Oxy Mc, Adonay, J-Manny & Jheral	Hoy Voy a Beber - 10A - 7	5717
Savoir Flair	Keep Holding On - 5A - 5	10362
J Dot Manswell	P.T.B.T. (Proud to Be Trini) - 12A - 6	11000
Top-5:
Tamara	Abrazame - 12A - 4	5478
Pitbull	Happy Mamá Day (feat. Chacal & Sky Monroe) - 4A - 7	5616
Nylez, Clandes, Oxy Mc, Adonay, J-Manny & Jheral	Hoy Voy a Beber - 10A - 7	5715
Savoir Flair	Keep Holding On - 5A - 5	10228
J Dot Manswell	P.T.B.T. (Proud to Be Trini) - 12A - 6	11175
Top-5:
Tamara	Abrazame - 12A - 4	5476
Pitbull	Happy Mamá Day (feat. Chacal & Sky Monroe) - 4A - 7	5612
Nylez, Clandes, Oxy Mc, Adonay, J-Manny & Jheral	Hoy Voy a Beber - 10A - 7	5710
Savoir Flair	Keep Holding On - 5A - 5	10382
J Dot Manswell	P.T.B.T. (Proud to Be Trini) - 12A - 6	11004
Top-5:
Tamara	Abrazame - 12A - 4	5476
Pitbull	Happy Mamá Day (feat. Chacal & Sky Monroe) - 4A - 7	5611
Nylez, Clandes, Oxy Mc, Adonay, J-Manny & Jheral	Hoy Voy a Beber - 10A - 7	5708
Savoir Flair	Keep Holding On - 5A - 5	10541
J Dot Manswell	P.T.B.T. (Proud to Be Trini) - 12A - 6	11173
Top-5:
Tamara	Abrazame - 12A - 4	5476
Pitbull	Happy Mamá Day (feat. Chacal & Sky Monroe) - 4A - 7	5610
Nylez, Clandes, Oxy Mc, Adonay, J-Manny & Jheral	Hoy Voy a Beber - 10A - 7	5705
Savoir Flair	Keep Holding On - 5A - 5	10404
J Dot Manswell	P.T.B.T. (Proud to Be Trini) - 12A - 6	11012
Top-5:
Tamara	Abrazame - 12A - 4	5477
Pitbull	Happy Mamá Day (feat. Chacal & Sky Monroe) - 4A - 7	5610
Nylez, Clandes, Oxy Mc, Adonay, J-Manny & Jheral	Hoy Voy a Beber - 10A - 7	5705
Savoir Flair	Keep Holding On - 5A - 5	10562
J Dot Manswell	P.T.B.T. (Proud to Be Trini) - 12A - 6	11178
Top-5:
Tamara	Abrazame - 12A - 4	5479
Pitbull	Happy Mamá Day (feat. Chacal & Sky Monroe) - 4A - 7	5610
Nylez, Clandes, Oxy Mc, Adonay, J-Manny & Jheral	Hoy Voy a Beber - 10A - 7	5704
Savoir Flair	Keep Holding On - 5A - 5	10430
J Dot Manswell	P.T.B.T. (Proud to Be Trini) - 12A - 6	11344
Top-5:
Tamara	Abrazame - 12A - 4	5476
Pitbull	Happy Mamá Day (feat. Chacal & Sky Monroe) - 4A - 7	5606
Nylez, Clandes, Oxy Mc, Adonay, J-Manny & Jheral	Hoy Voy a Beber - 10A - 7	5698
Savoir Flair	Keep Holding On - 5A - 5	10575
J Dot Manswell	P.T.B.T. (Proud to Be Trini) - 12A - 6	11177
Top-5:
Tamara	Abrazame - 12A - 4	5474
Pitbull	Happy Mamá Day (feat. Chacal & Sky Monroe) - 4A - 7	5603
Nylez, Clandes, Oxy Mc, Adonay, J-Manny & Jheral	Hoy Voy a Beber - 10A - 7	5694
Savoir Flair	Keep Holding On - 5A - 5	10721
J Dot Manswell	P.T.B.T. (Proud to Be Trini) - 12A - 6	11332
Top-5:
Tamara	Abrazame - 12A - 4	5470
Pitbull	Happy Mamá Day (feat. Chacal & Sky Monroe) - 4A - 7	5599
Nylez, Clandes, Oxy Mc, Adonay, J-Manny & Jheral	Hoy Voy a Beber - 10A - 7	5688
Savoir Flair	Keep Holding On - 5A - 5	10864
J Dot Manswell	P.T.B.T. (Proud to Be Trini) - 12A - 6	11168
Top-5:
Tamara	Abrazame - 12A - 4	5465
Pitbull	Happy Mamá Day (feat. Chacal & Sky Monroe) - 4A - 7	5593
Nylez, Clandes, Oxy Mc, Adonay, J-Manny & Jheral	Hoy Voy a Beber - 10A - 7	5681
J Dot Manswell	P.T.B.T. (Proud to Be Trini) - 12A - 6	11010
Savoir Flair	Keep Holding On - 5A - 5	11005
Top-5:
Tamara	Abrazame - 12A - 4	5466
Pitbull	Happy Mamá Day (feat. Chacal & Sky Monroe) - 4A - 7	5593
Nylez, Clandes, Oxy Mc, Adonay, J-Manny & Jheral	Hoy Voy a Beber - 10A - 7	5680
Savoir Flair	Keep Holding On - 5A - 5	10865
J Dot Manswell	P.T.B.T. (Proud to Be Trini) - 12A - 6	11162
Top-5:
Tamara	Abrazame - 12A - 4	5468
Pitbull	Happy Mamá Day (feat. Chacal & Sky Monroe) - 4A - 7	5593
Nylez, Clandes, Oxy Mc, Adonay, J-Manny & Jheral	Hoy Voy a Beber - 10A - 7	5680
Savoir Flair	Keep Holding On - 5A - 5	10733
J Dot Manswell	P.T.B.T. (Proud to Be Trini) - 12A - 6	11315
Top-5:
Tamara	Abrazame - 12A - 4	5467
Pitbull	Happy Mamá Day (feat. Chacal & Sky Monroe) - 4A - 7	5592
Nylez, Clandes, Oxy Mc, Adonay, J-Manny & Jheral	Hoy Voy a Beber - 10A - 7	5677
Savoir Flair	Keep Holding On - 5A - 5	10874
J Dot Manswell	P.T.B.T. (Proud to Be Trini) - 12A - 6	11165
Top-5:
Tamara	Abrazame - 12A - 4	5469
Pitbull	Happy Mamá Day (feat. Chacal & Sky Monroe) - 4A - 7	5593
Nylez, Clandes, Oxy Mc, Adonay, J-Manny & Jheral	Hoy Voy a Beber - 10A - 7	5677
Savoir Flair	Keep Holding On - 5A - 5	10745
J Dot Manswell	P.T.B.T. (Proud to Be Trini) - 12A - 6	11315
Top-5:
Tamara	Abrazame - 12A - 4	5468
Pitbull	Happy Mamá Day (feat. Chacal & Sky Monroe) - 4A - 7	5591
Nylez, Clandes, Oxy Mc, Adonay, J-Manny & Jheral	Hoy Voy a Beber - 10A - 7	5674
Savoir Flair	Keep Holding On - 5A - 5	10619
José José	La Nave del Olvido - 8A - 5	11019
Top-5:
Tamara	Abrazame - 12A - 4	5464
Pitbull	Happy Mamá Day (feat. Chacal & Sky Monroe) - 4A - 7	5586
Nylez, Clandes, Oxy Mc, Adonay, J-Manny & Jheral	Hoy Voy a Beber - 10A - 7	5668
Savoir Flair	Keep Holding On - 5A - 5	10746
José José	La Nave del Olvido - 8A - 5	10871
Top-5:
Tamara	Abrazame - 12A - 4	5462
Pitbull	Happy Mamá Day (feat. Chacal & Sky Monroe) - 4A - 7	5584
Nylez, Clandes, Oxy Mc, Adonay, J-Manny & Jheral	Hoy Voy a Beber - 10A - 7	5665
Savoir Flair	Keep Holding On - 5A - 5	10621
José José	La Nave del Olvido - 8A - 5	11011
Top-5:
Tamara	Abrazame - 12A - 4	5465
Pitbull	Happy Mamá Day (feat. Chacal & Sky Monroe) - 4A - 7	5585
Nylez, Clandes, Oxy Mc, Adonay, J-Manny & Jheral	Hoy Voy a Beber - 10A - 7	5666
Savoir Flair	Keep Holding On - 5A - 5	10758
J Dot Manswell	P.T.B.T. (Proud to Be Trini) - 12A - 6	11304