MuzStream data/PumpThatBody.input 40 33 84 5
Top-5:
OneRepublic	Counting Stars - 12A	0
Kanye West	Power - 5A - 7	257
David Guetta	Play Hard (feat. Ne-Yo & Akon)	549
Missy Elliott	Get Ur Freak On (LP Version) - 4A - 6	750
David Guetta	Memories (Extended) - 3A - 7	986
Top-5:
OneRepublic	Counting Stars - 12A	3256
Iggy Azalea	Work - 9B - 8	4813
Katy Perry	Dark Horse (feat. Juicy J) - 3A	4412
Tove Lo	Habits (Stay High) [The Chainsmokers Extended Mix] - 7A - 7	6117
Sublime	What I Got - 10B - 6	4349
Top-5:
Calvin Harris	Let's Go (feat. Ne-Yo) [Radio Edit] - 9A	5831
JAY-Z	Tom Ford - 2A - 6	6062
Sublime	What I Got - 10B - 6	5038
Bingo Players	Get Up (Rattle) [feat. Far East Movement] [Vocal Edit] - 4A - 7	6203
The Beastie Boys	Brass Monkey - 4A	6365
Top-5:
Sublime	What I Got - 10B - 6	5462
Bingo Players	Get Up (Rattle) [feat. Far East Movement] [Vocal Edit] - 4A - 7	6337
Nirvana	Smells Like Teen Spirit - 4A - 6	5851
Daft Punk	Robot Rock	6132
Ariana Grande	Problem (feat. Iggy Azalea) - 1A - 7	6270
Top-5:
JAY-Z	Tom Ford - 2A - 6	6284
Nirvana	Smells Like Teen Spirit - 4A - 6	5962
Ariana Grande	Problem (feat. Iggy Azalea) - 1A - 7	6319
Daft Punk	Robot Rock	6210
Tove Lo	Habits (Stay High) [The Chainsmokers Extended Mix] - 7A - 7	6310
Top-5:
Bingo Players	Get Up (Rattle) [feat. Far East Movement] [Vocal Edit] - 4A - 7	6409
JAY-Z	Tom Ford - 2A - 6	6328
Tove Lo	Habits (Stay High) [The Chainsmokers Extended Mix] - 7A - 7	6332
Ariana Grande	Problem (feat. Iggy Azalea) - 1A - 7	6356
Daft Punk	Robot Rock	6267
Top-5:
JAY-Z	Tom Ford - 2A - 6	6331
Daft Punk	Robot Rock	6279
Bingo Players	Get Up (Rattle) [feat. Far East Movement] [Vocal Edit] - 4A - 7	6403
Ariana Grande	Problem (feat. Iggy Azalea) - 1A - 7	6354
Calvin Harris	Let's Go (feat. Ne-Yo) [Radio Edit] - 9A	6211
Top-5:
Daft Punk	Robot Rock	6283
Calvin Harris	Let's Go (feat. Ne-Yo) [Radio Edit] - 9A	6218
Ariana Grande	Problem (feat. Iggy Azalea) - 1A - 7	6347
Bingo Players	Get Up (Rattle) [feat. Far East Movement] [Vocal Edit] - 4A - 7	6393
JAY-Z	Tom Ford - 2A - 6	6327
Top-5:
Ariana Grande	Problem (feat. Iggy Azalea) - 1A - 7	6352
JAY-Z	Tom Ford - 2A - 6	6335
Calvin Harris	Let's Go (feat. Ne-Yo) [Radio Edit] - 9A	6234
Bingo Players	Get Up (Rattle) [feat. Far East Movement] [Vocal Edit] - 4A - 7	6396
Daft Punk	Robot Rock	6296
Top-5:
Calvin Harris	Let's Go (feat. Ne-Yo) [Radio Edit] - 9A	6239
Ariana Grande	Problem (feat. Iggy Azalea) - 1A - 7	6349
Bingo Players	Get Up (Rattle) [feat. Far East Movement] [Vocal Edit] - 4A - 7	6390
Daft Punk	Robot Rock	6299
JAY-Z	Tom Ford - 2A - 6	6333
Top-5:
Daft Punk	Robot Rock	6333
JAY-Z	Tom Ford - 2A - 6	6364
Bingo Players	Get Up (Rattle) [feat. Far East Movement] [Vocal Edit] - 4A - 7	6418
Calvin Harris	Let's Go (feat. Ne-Yo) [Radio Edit] - 9A	6275
Ariana Grande	Problem (feat. Iggy Azalea) - 1A - 7	6377
Top-5:
Calvin Harris	Let's Go (feat. Ne-Yo) [Radio Edit] - 9A	6273
Daft Punk	Robot Rock	6330
JAY-Z	Tom Ford - 2A - 6	6358
Ariana Grande	Problem (feat. Iggy Azalea) - 1A - 7	6370
Bingo Players	Get Up (Rattle) [feat. Far East Movement] [Vocal Edit] - 4A - 7	6409
Top-5:
Calvin Harris	Let's Go (feat. Ne-Yo) [Radio Edit] - 9A	6283
Ariana Grande	Problem (feat. Iggy Azalea) - 1A - 7	6375
JAY-Z	Tom Ford - 2A - 6	6364
Bingo Players	Get Up (Rattle) [feat. Far East Movement] [Vocal Edit] - 4A - 7	6413
Clean Bandit	Rather Be (feat. Jess Glynne) [Cash Cash x Valley Remix] - 1B - 7	6346
Top-5:
Bingo Players	Get Up (Rattle) [feat. Far East Movement] [Vocal Edit] - 4A - 7	6415
JAY-Z	Tom Ford - 2A - 6	6368
Calvin Harris	Let's Go (feat. Ne-Yo) [Radio Edit] - 9A	6290
Ariana Grande	Problem (feat. Iggy Azalea) - 1A - 7	6378
Clean Bandit	Rather Be (feat. Jess Glynne) [Cash Cash x Valley Remix] - 1B - 7	6344
Top-5:
Bingo Players	Get Up (Rattle) [feat. Far East Movement] [Vocal Edit] - 4A - 7	6410
Ariana Grande	Problem (feat. Iggy Azalea) - 1A - 7	6374
Calvin Harris	Let's Go (feat. Ne-Yo) [Radio Edit] - 9A	6290
JAY-Z	Tom Ford - 2A - 6	6365
Clean Bandit	Rather Be (feat. Jess Glynne) [Cash Cash x Valley Remix] - 1B - 7	6336
Top-5:
Bingo Players	Get Up (Rattle) [feat. Far East Movement] [Vocal Edit] - 4A - 7	6426
Calvin Harris	Let's Go (feat. Ne-Yo) [Radio Edit] - 9A	6310
Ariana Grande	Problem (feat. Iggy Azalea) - 1A - 7	6390
JAY-Z	Tom Ford - 2A - 6	6382
Clean Bandit	Rather Be (feat. Jess Glynne) [Cash Cash x Valley Remix] - 1B - 7	6348
Top-5:
Ariana Grande	Problem (feat. Iggy Azalea) - 1A - 7	6387
Bingo Players	Get Up (Rattle) [feat. Far East Movement] [Vocal Edit] - 4A - 7	6422
Calvin Harris	Let's Go (feat. Ne-Yo) [Radio Edit] - 9A	6309
JAY-Z	Tom Ford - 2A - 6	6379
Clean Bandit	Rather Be (feat. Jess Glynne) [Cash Cash x Valley Remix] - 1B - 7	6341
Top-5:
Bingo Players	Get Up (Rattle) [feat. Far East Movement] [Vocal Edit] - 4A - 7	6425
Ariana Grande	Problem (feat. Iggy Azalea) - 1A - 7	6391
Calvin Harris	Let's Go (feat. Ne-Yo) [Radio Edit] - 9A	6315
JAY-Z	Tom Ford - 2A - 6	6384
Clean Bandit	Rather Be (feat. Jess Glynne) [Cash Cash x Valley Remix] - 1B - 7	6342
Top-5:
JAY-Z	Tom Ford - 2A - 6	6389
Bingo Players	Get Up (Rattle) [feat. Far East Movement] [Vocal Edit] - 4A - 7	6429
Ariana Grande	Problem (feat. Iggy Azalea) - 1A - 7	6395
Calvin Harris	Let's Go (feat. Ne-Yo) [Radio Edit] - 9A	6322
Clean Bandit	Rather Be (feat. Jess Glynne) [Cash Cash x Valley Remix] - 1B - 7	6344
Top-5:
Ariana Grande	Problem (feat. Iggy Azalea) - 1A - 7	6397
Calvin Harris	Let's Go (feat. Ne-Yo) [Radio Edit] - 9A	6326
JAY-Z	Tom Ford - 2A - 6	6391
Bingo Players	Get Up (Rattle) [feat. Far East Movement] [Vocal Edit] - 4A - 7	6430
Clean Bandit	Rather Be (feat. Jess Glynne) [Cash Cash x Valley Remix] - 1B - 7	6343
Top-5:
Ariana Grande	Problem (feat. Iggy Azalea) - 1A - 7	6404
Bingo Players	Get Up (Rattle) [feat. Far East Movement] [Vocal Edit] - 4A - 7	6437
Calvin Harris	Let's Go (feat. Ne-Yo) [Radio Edit] - 9A	6335
JAY-Z	Tom Ford - 2A - 6	6399
Clean Bandit	Rather Be (feat. Jess Glynne) [Cash Cash x Valley Remix] - 1B - 7	6349
Top-5:
Bingo Players	Get Up (Rattle) [feat. Far East Movement] [Vocal Edit] - 4A - 7	6437
Calvin Harris	Let's Go (feat. Ne-Yo) [Radio Edit] - 9A	6337
Ariana Grande	Problem (feat. Iggy Azalea) - 1A - 7	6404
Clean Bandit	Rather Be (feat. Jess Glynne) [Cash Cash x Valley Remix] - 1B - 7	6346
Tove Lo	Habits (Stay High) [The Chainsmokers Extended Mix] - 7A - 7	6639
Top-5:
Bingo Players	Get Up (Rattle) [feat. Far East Movement] [Vocal Edit] - 4A - 7	6437
Calvin Harris	Let's Go (feat. Ne-Yo) [Radio Edit] - 9A	6339
Ariana Grande	Problem (feat. Iggy Azalea) - 1A - 7	6405
Clean Bandit	Rather Be (feat. Jess Glynne) [Cash Cash x Valley Remix] - 1B - 7	6346
Tove Lo	Habits (Stay High) [The Chainsmokers Extended Mix] - 7A - 7	6625
Top-5:
Ariana Grande	Problem (feat. Iggy Azalea) - 1A - 7	6403
Bingo Players	Get Up (Rattle) [feat. Far East Movement] [Vocal Edit] - 4A - 7	6435
Calvin Harris	Let's Go (feat. Ne-Yo) [Radio Edit] - 9A	6338
Clean Bandit	Rather Be (feat. Jess Glynne) [Cash Cash x Valley Remix] - 1B - 7	6342
The Beastie Boys	Brass Monkey - 4A	7067
Top-5:
Ariana Grande	Problem (feat. Iggy Azalea) - 1A - 7	6395
Calvin Harris	Let's Go (feat. Ne-Yo) [Radio Edit] - 9A	6332
Bingo Players	Get Up (Rattle) [feat. Far East Movement] [Vocal Edit] - 4A - 7	6427
Clean Bandit	Rather Be (feat. Jess Glynne) [Cash Cash x Valley Remix] - 1B - 7	6333
JAY-Z	Tom Ford - 2A - 6	6964
Top-5:
Ariana Grande	Problem (feat. Iggy Azalea) - 1A - 7	6414
Bingo Players	Get Up (Rattle) [feat. Far East Movement] [Vocal Edit] - 4A - 7	6445
Clean Bandit	Rather Be (feat. Jess Glynne) [Cash Cash x Valley Remix] - 1B - 7	6350
Calvin Harris	Let's Go (feat. Ne-Yo) [Radio Edit] - 9A	6615
Tove Lo	Habits (Stay High) [The Chainsmokers Extended Mix] - 7A - 7	6883
Top-5:
Ariana Grande	Problem (feat. Iggy Azalea) - 1A - 7	6413
Bingo Players	Get Up (Rattle) [feat. Far East Movement] [Vocal Edit] - 4A - 7	6444
Clean Bandit	Rather Be (feat. Jess Glynne) [Cash Cash x Valley Remix] - 1B - 7	6348
Calvin Harris	Let's Go (feat. Ne-Yo) [Radio Edit] - 9A	6605
The Beastie Boys	Brass Monkey - 4A	7002
Top-5:
Bingo Players	Get Up (Rattle) [feat. Far East Movement] [Vocal Edit] - 4A - 7	6445
Ariana Grande	Problem (feat. Iggy Azalea) - 1A - 7	6414
Clean Bandit	Rather Be (feat. Jess Glynne) [Cash Cash x Valley Remix] - 1B - 7	6347
Calvin Harris	Let's Go (feat. Ne-Yo) [Radio Edit] - 9A	6598
The Beastie Boys	Brass Monkey - 4A	6982
Top-5:
Bingo Players	Get Up (Rattle) [feat. Far East Movement] [Vocal Edit] - 4A - 7	6446
Ariana Grande	Problem (feat. Iggy Azalea) - 1A - 7	6416
Clean Bandit	Rather Be (feat. Jess Glynne) [Cash Cash x Valley Remix] - 1B - 7	6348
Calvin Harris	Let's Go (feat. Ne-Yo) [Radio Edit] - 9A	6592
JAY-Z	Tom Ford - 2A - 6	6902
Top-5:
Ariana Grande	Problem (feat. Iggy Azalea) - 1A - 7	6424
Bingo Players	Get Up (Rattle) [feat. Far East Movement] [Vocal Edit] - 4A - 7	6455
Clean Bandit	Rather Be (feat. Jess Glynne) [Cash Cash x Valley Remix] - 1B - 7	6355
Calvin Harris	Let's Go (feat. Ne-Yo) [Radio Edit] - 9A	6593
JAY-Z	Tom Ford - 2A - 6	6894
Top-5:
Ariana Grande	Problem (feat. Iggy Azalea) - 1A - 7	6422
Bingo Players	Get Up (Rattle) [feat. Far East Movement] [Vocal Edit] - 4A - 7	6453
Clean Bandit	Rather Be (feat. Jess Glynne) [Cash Cash x Valley Remix] - 1B - 7	6353
Calvin Harris	Let's Go (feat. Ne-Yo) [Radio Edit] - 9A	6585
JAY-Z	Tom Ford - 2A - 6	6876
Top-5:
Bingo Players	Get Up (Rattle) [feat. Far East Movement] [Vocal Edit] - 4A - 7	6461
Ariana Grande	Problem (feat. Iggy Azalea) - 1A - 7	6431
Clean Bandit	Rather Be (feat. Jess Glynne) [Cash Cash x Valley Remix] - 1B - 7	6360
Calvin Harris	Let's Go (feat. Ne-Yo) [Radio Edit] - 9A	6587
The Beastie Boys	Brass Monkey - 4A	6929
Top-5:
Bingo Players	Get Up (Rattle) [feat. Far East Movement] [Vocal Edit] - 4A - 7	6458
Ariana Grande	Problem (feat. Iggy Azalea) - 1A - 7	6428
Clean Bandit	Rather Be (feat. Jess Glynne) [Cash Cash x Valley Remix] - 1B - 7	6357
Calvin Harris	Let's Go (feat. Ne-Yo) [Radio Edit] - 9A	6579
The Beastie Boys	Brass Monkey - 4A	6911
Top-5:
Bingo Players	Get Up (Rattle) [feat. Far East Movement] [Vocal Edit] - 4A - 7	6462
Ariana Grande	Problem (feat. Iggy Azalea) - 1A - 7	6432
Clean Bandit	Rather Be (feat. Jess Glynne) [Cash Cash x Valley Remix] - 1B - 7	6360
Calvin Harris	Let's Go (feat. Ne-Yo) [Radio Edit] - 9A	6578
JAY-Z	Tom Ford - 2A - 6	6844
Top-5:
Ariana Grande	Problem (feat. Iggy Azalea) - 1A - 7	6443
Bingo Players	Get Up (Rattle) [feat. Far East Movement] [Vocal Edit] - 4A - 7	6473
Clean Bandit	Rather Be (feat. Jess Glynne) [Cash Cash x Valley Remix] - 1B - 7	6370
Calvin Harris	Let's Go (feat. Ne-Yo) [Radio Edit] - 9A	6584
JAY-Z	Tom Ford - 2A - 6	6844
Top-5:
Ariana Grande	Problem (feat. Iggy Azalea) - 1A - 7	6432
Bingo Players	Get Up (Rattle) [feat. Far East Movement] [Vocal Edit] - 4A - 7	6461
Clean Bandit	Rather Be (feat. Jess Glynne) [Cash Cash x Valley Remix] - 1B - 7	6358
Calvin Harris	Let's Go (feat. Ne-Yo) [Radio Edit] - 9A	6567
JAY-Z	Tom Ford - 2A - 6	6820
Top-5:
Bingo Players	Get Up (Rattle) [feat. Far East Movement] [Vocal Edit] - 4A - 7	6464
Ariana Grande	Problem (feat. Iggy Azalea) - 1A - 7	6434
Clean Bandit	Rather Be (feat. Jess Glynne) [Cash Cash x Valley Remix] - 1B - 7	6360
Calvin Harris	Let's Go (feat. Ne-Yo) [Radio Edit] - 9A	6565
JAY-Z	Tom Ford - 2A - 6	6811
Top-5:
Ariana Grande	Problem (feat. Iggy Azalea) - 1A - 7	6435
Bingo Players	Get Up (Rattle) [feat. Far East Movement] [Vocal Edit] - 4A - 7	6465
Clean Bandit	Rather Be (feat. Jess Glynne) [Cash Cash x Valley Remix] - 1B - 7	6360
Calvin Harris	Let's Go (feat. Ne-Yo) [Radio Edit] - 9A	6561
Tove Lo	Habits (Stay High) [The Chainsmokers Extended Mix] - 7A - 7	6916
Top-5:
Bingo Players	Get Up (Rattle) [feat. Far East Movement] [Vocal Edit] - 4A - 7	6466
Ariana Grande	Problem (feat. Iggy Azalea) - 1A - 7	6437
Clean Bandit	Rather Be (feat. Jess Glynne) [Cash Cash x Valley Remix] - 1B - 7	6361
Calvin Harris	Let's Go (feat. Ne-Yo) [Radio Edit] - 9A	6559
The Beastie Boys	Brass Monkey - 4A	7043
Top-5:
Ariana Grande	Problem (feat. Iggy Azalea) - 1A - 7	6435
Bingo Players	Get Up (Rattle) [feat. Far East Movement] [Vocal Edit] - 4A - 7	6464
Clean Bandit	Rather Be (feat. Jess Glynne) [Cash Cash x Valley Remix] - 1B - 7	6359
Calvin Harris	Let's Go (feat. Ne-Yo) [Radio Edit] - 9A	6553
JAY-Z	Tom Ford - 2A - 6	6972
Top-5:
Bingo Players	Get Up (Rattle) [feat. Far East Movement] [Vocal Edit] - 4A - 7	6462
Ariana Grande	Problem (feat. Iggy Azalea) - 1A - 7	6433
Clean Bandit	Rather Be (feat. Jess Glynne) [Cash Cash x Valley Remix] - 1B - 7	6356
Calvin Harris	Let's Go (feat. Ne-Yo) [Radio Edit] - 9A	6721
Tove Lo	Habits (Stay High) [The Chainsmokers Extended Mix] - 7A - 7	6868
Top-5:
Bingo Players	Get Up (Rattle) [feat. Far East Movement] [Vocal Edit] - 4A - 7	6463
Ariana Grande	Problem (feat. Iggy Azalea) - 1A - 7	6434
Clean Bandit	Rather Be (feat. Jess Glynne) [Cash Cash x Valley Remix] - 1B - 7	6357
Calvin Harris	Let's Go (feat. Ne-Yo) [Radio Edit] - 9A	6714
JAY-Z	Tom Ford - 2A - 6	6943
Top-5:
Bingo Players	Get Up (Rattle) [feat. Far East Movement] [Vocal Edit] - 4A - 7	6466
Ariana Grande	Problem (feat. Iggy Azalea) - 1A - 7	6437
Clean Bandit	Rather Be (feat. Jess Glynne) [Cash Cash x Valley Remix] - 1B - 7	6360
Calvin Harris	Let's Go (feat. Ne-Yo) [Radio Edit] - 9A	6710
JAY-Z	Tom Ford - 2A - 6	6934
Top-5:
Ariana Grande	Problem (feat. Iggy Azalea) - 1A - 7	6442
Bingo Players	Get Up (Rattle) [feat. Far East Movement] [Vocal Edit] - 4A - 7	6471
Clean Bandit	Rather Be (feat. Jess Glynne) [Cash Cash x Valley Remix] - 1B - 7	6363
The Beastie Boys	Brass Monkey - 4A	6978
JAY-Z	Tom Ford - 2A - 6	6927
Top-5:
Bingo Players	Get Up (Rattle) [feat. Far East Movement] [Vocal Edit] - 4A - 7	6468
Clean Bandit	Rather Be (feat. Jess Glynne) [Cash Cash x Valley Remix] - 1B - 7	6360
Ariana Grande	Problem (feat. Iggy Azalea) - 1A - 7	6590
JAY-Z	Tom Ford - 2A - 6	6912
Calvin Harris	Let's Go (feat. Ne-Yo) [Radio Edit] - 9A	6862
Top-5:
Bingo Players	Get Up (Rattle) [feat. Far East Movement] [Vocal Edit] - 4A - 7	6469
Clean Bandit	Rather Be (feat. Jess Glynne) [Cash Cash x Valley Remix] - 1B - 7	6361
Ariana Grande	Problem (feat. Iggy Azalea) - 1A - 7	6588
The Beastie Boys	Brass Monkey - 4A	6953
Calvin Harris	Let's Go (feat. Ne-Yo) [Radio Edit] - 9A	6853
Top-5:
Bingo Players	Get Up (Rattle) [feat. Far East Movement] [Vocal Edit] - 4A - 7	6462
Clean Bandit	Rather Be (feat. Jess Glynne) [Cash Cash x Valley Remix] - 1B - 7	6354
Ariana Grande	Problem (feat. Iggy Azalea) - 1A - 7	6578
The Beastie Boys	Brass Monkey - 4A	6936
JAY-Z	Tom Ford - 2A - 6	6885
Top-5:
Bingo Players	Get Up (Rattle) [feat. Far East Movement] [Vocal Edit] - 4A - 7	6466
Clean Bandit	Rather Be (feat. Jess Glynne) [Cash Cash x Valley Remix] - 1B - 7	6357
Ariana Grande	Problem (feat. Iggy Azalea) - 1A - 7	6578
JAY-Z	Tom Ford - 2A - 6	6879
Calvin Harris	Let's Go (feat. Ne-Yo) [Radio Edit] - 9A	6830
Top-5:
Bingo Players	Get Up (Rattle) [feat. Far East Movement] [Vocal Edit] - 4A - 7	6467
Clean Bandit	Rather Be (feat. Jess Glynne) [Cash Cash x Valley Remix] - 1B - 7	6358
Ariana Grande	Problem (feat. Iggy Azalea) - 1A - 7	6576
JAY-Z	Tom Ford - 2A - 6	6871
Calvin Harris	Let's Go (feat. Ne-Yo) [Radio Edit] - 9A	6822
Top-5:
Bingo Players	Get Up (Rattle) [feat. Far East Movement] [Vocal Edit] - 4A - 7	6464
Clean Bandit	Rather Be (feat. Jess Glynne) [Cash Cash x Valley Remix] - 1B - 7	6355
Ariana Grande	Problem (feat. Iggy Azalea) - 1A - 7	6571
Calvin Harris	Let's Go (feat. Ne-Yo) [Radio Edit] - 9A	6810
JAY-Z	Tom Ford - 2A - 6	6859
Top-5:
Bingo Players	Get Up (Rattle) [feat. Far East Movement] [Vocal Edit] - 4A - 7	6466
Clean Bandit	Rather Be (feat. Jess Glynne) [Cash Cash x Valley Remix] - 1B - 7	6357
Ariana Grande	Problem (feat. Iggy Azalea) - 1A - 7	6571
JAY-Z	Tom Ford - 2A - 6	6852
Tove Lo	Habits (Stay High) [The Chainsmokers Extended Mix] - 7A - 7	6911
Top-5:
Bingo Players	Get Up (Rattle) [feat. Far East Movement] [Vocal Edit] - 4A - 7	6469
Clean Bandit	Rather Be (feat. Jess Glynne) [Cash Cash x Valley Remix] - 1B - 7	6359
Ariana Grande	Problem (feat. Iggy Azalea) - 1A - 7	6706
JAY-Z	Tom Ford - 2A - 6	6847
Calvin Harris	Let's Go (feat. Ne-Yo) [Radio Edit] - 9A	6945
Top-5:
Bingo Players	Get Up (Rattle) [feat. Far East Movement] [Vocal Edit] - 4A - 7	6466
Clean Bandit	Rather Be (feat. Jess Glynne) [Cash Cash x Valley Remix] - 1B - 7	6356
Ariana Grande	Problem (feat. Iggy Azalea) - 1A - 7	6698
JAY-Z	Tom Ford - 2A - 6	6836
Calvin Harris	Let's Go (feat. Ne-Yo) [Radio Edit] - 9A	6932
Top-5:
Bingo Players	Get Up (Rattle) [feat. Far East Movement] [Vocal Edit] - 4A - 7	6464
Clean Bandit	Rather Be (feat. Jess Glynne) [Cash Cash x Valley Remix] - 1B - 7	6354
Ariana Grande	Problem (feat. Iggy Azalea) - 1A - 7	6691
JAY-Z	Tom Ford - 2A - 6	6827
Tove Lo	Habits (Stay High) [The Chainsmokers Extended Mix] - 7A - 7	6875
Top-5:
Bingo Players	Get Up (Rattle) [feat. Far East Movement] [Vocal Edit] - 4A - 7	6465
Clean Bandit	Rather Be (feat. Jess Glynne) [Cash Cash x Valley Remix] - 1B - 7	6354
Ariana Grande	Problem (feat. Iggy Azalea) - 1A - 7	6687
Tove Lo	Habits (Stay High) [The Chainsmokers Extended Mix] - 7A - 7	6865
Calvin Harris	Let's Go (feat. Ne-Yo) [Radio Edit] - 9A	6910
Top-5:
Bingo Players	Get Up (Rattle) [feat. Far East Movement] [Vocal Edit] - 4A - 7	6467
Clean Bandit	Rather Be (feat. Jess Glynne) [Cash Cash x Valley Remix] - 1B - 7	6356
Ariana Grande	Problem (feat. Iggy Azalea) - 1A - 7	6684
JAY-Z	Tom Ford - 2A - 6	6949
Tove Lo	Habits (Stay High) [The Chainsmokers Extended Mix] - 7A - 7	6857
Top-5:
Bingo Players	Get Up (Rattle) [feat. Far East Movement] [Vocal Edit] - 4A - 7	6465
Clean Bandit	Rather Be (feat. Jess Glynne) [Cash Cash x Valley Remix] - 1B - 7	6354
Ariana Grande	Problem (feat. Iggy Azalea) - 1A - 7	6678
JAY-Z	Tom Ford - 2A - 6	6938
Tove Lo	Habits (Stay High) [The Chainsmokers Extended Mix] - 7A - 7	6845
Top-5:
Bingo Players	Get Up (Rattle) [feat. Far East Movement] [Vocal Edit] - 4A - 7	6466
Clean Bandit	Rather Be (feat. Jess Glynne) [Cash Cash x Valley Remix] - 1B - 7	6355
Ariana Grande	Problem (feat. Iggy Azalea) - 1A - 7	6675
Calvin Harris	Let's Go (feat. Ne-Yo) [Radio Edit] - 9A	6883
JAY-Z	Tom Ford - 2A - 6	6930
Top-5:
Bingo Players	Get Up (Rattle) [feat. Far East Movement] [Vocal Edit] - 4A - 7	6467
Clean Bandit	Rather Be (feat. Jess Glynne) [Cash Cash x Valley Remix] - 1B - 7	6355
Ariana Grande	Problem (feat. Iggy Azalea) - 1A - 7	6672
JAY-Z	Tom Ford - 2A - 6	6922
Calvin Harris	Let's Go (feat. Ne-Yo) [Radio Edit] - 9A	6875
Top-5:
Bingo Players	Get Up (Rattle) [feat. Far East Movement] [Vocal Edit] - 4A - 7	6466
Clean Bandit	Rather Be (feat. Jess Glynne) [Cash Cash x Valley Remix] - 1B - 7	6355
Ariana Grande	Problem (feat. Iggy Azalea) - 1A - 7	6667
JAY-Z	Tom Ford - 2A - 6	6913
Calvin Harris	Let's Go (feat. Ne-Yo) [Radio Edit] - 9A	6866
Top-5:
Clean Bandit	Rather Be (feat. Jess Glynne) [Cash Cash x Valley Remix] - 1B - 7	6355
Bingo Players	Get Up (Rattle) [feat. Far East Movement] [Vocal Edit] - 4A - 7	6577
Ariana Grande	Problem (feat. Iggy Azalea) - 1A - 7	6663
JAY-Z	Tom Ford - 2A - 6	6905
Calvin Harris	Let's Go (feat. Ne-Yo) [Radio Edit] - 9A	6858
Top-5:
Clean Bandit	Rather Be (feat. Jess Glynne) [Cash Cash x Valley Remix] - 1B - 7	6354
Bingo Players	Get Up (Rattle) [feat. Far East Movement] [Vocal Edit] - 4A - 7	6575
Ariana Grande	Problem (feat. Iggy Azalea) - 1A - 7	6659
JAY-Z	Tom Ford - 2A - 6	6896
Calvin Harris	Let's Go (feat. Ne-Yo) [Radio Edit] - 9A	6850
Top-5:
Clean Bandit	Rather Be (feat. Jess Glynne) [Cash Cash x Valley Remix] - 1B - 7	6356
Bingo Players	Get Up (Rattle) [feat. Far East Movement] [Vocal Edit] - 4A - 7	6575
Ariana Grande	Problem (feat. Iggy Azalea) - 1A - 7	6658
JAY-Z	Tom Ford - 2A - 6	6891
The Beastie Boys	Brass Monkey - 4A	7059
Top-5:
Clean Bandit	Rather Be (feat. Jess Glynne) [Cash Cash x Valley Remix] - 1B - 7	6361
Bingo Players	Get Up (Rattle) [feat. Far East Movement] [Vocal Edit] - 4A - 7	6579
Ariana Grande	Problem (feat. Iggy Azalea) - 1A - 7	6772
JAY-Z	Tom Ford - 2A - 6	6889
The Beastie Boys	Brass Monkey - 4A	7055
Top-5:
Clean Bandit	Rather Be (feat. Jess Glynne) [Cash Cash x Valley Remix] - 1B - 7	6361
Bingo Players	Get Up (Rattle) [feat. Far East Movement] [Vocal Edit] - 4A - 7	6685
Ariana Grande	Problem (feat. Iggy Azalea) - 1A - 7	6767
JAY-Z	Tom Ford - 2A - 6	6882
The Beastie Boys	Brass Monkey - 4A	7046
Top-5:
Clean Bandit	Rather Be (feat. Jess Glynne) [Cash Cash x Valley Remix] - 1B - 7	6359
Bingo Players	Get Up (Rattle) [feat. Far East Movement] [Vocal Edit] - 4A - 7	6679
Ariana Grande	Problem (feat. Iggy Azalea) - 1A - 7	6760
JAY-Z	Tom Ford - 2A - 6	6873
Calvin Harris	Let's Go (feat. Ne-Yo) [Radio Edit] - 9A	6944
Top-5:
Clean Bandit	Rather Be (feat. Jess Glynne) [Cash Cash x Valley Remix] - 1B - 7	6359
Bingo Players	Get Up (Rattle) [feat. Far East Movement] [Vocal Edit] - 4A - 7	6676
Ariana Grande	Problem (feat. Iggy Azalea) - 1A - 7	6756
JAY-Z	Tom Ford - 2A - 6	6867
Calvin Harris	Let's Go (feat. Ne-Yo) [Radio Edit] - 9A	6935
Top-5:
Clean Bandit	Rather Be (feat. Jess Glynne) [Cash Cash x Valley Remix] - 1B - 7	6362
Bingo Players	Get Up (Rattle) [feat. Far East Movement] [Vocal Edit] - 4A - 7	6677
Ariana Grande	Problem (feat. Iggy Azalea) - 1A - 7	6755
JAY-Z	Tom Ford - 2A - 6	6864
Calvin Harris	Let's Go (feat. Ne-Yo) [Radio Edit] - 9A	6931
Top-5:
Clean Bandit	Rather Be (feat. Jess Glynne) [Cash Cash x Valley Remix] - 1B - 7	6363
Bingo Players	Get Up (Rattle) [feat. Far East Movement] [Vocal Edit] - 4A - 7	6674
Ariana Grande	Problem (feat. Iggy Azalea) - 1A - 7	6750
JAY-Z	Tom Ford - 2A - 6	6858
Calvin Harris	Let's Go (feat. Ne-Yo) [Radio Edit] - 9A	6923
Top-5:
Clean Bandit	Rather Be (feat. Jess Glynne) [Cash Cash x Valley Remix] - 1B - 7	6364
Bingo Players	Get Up (Rattle) [feat. Far East Movement] [Vocal Edit] - 4A - 7	6673
Ariana Grande	Problem (feat. Iggy Azalea) - 1A - 7	6748
JAY-Z	Tom Ford - 2A - 6	6854
Calvin Harris	Let's Go (feat. Ne-Yo) [Radio Edit] - 9A	6917
Top-5:
Clean Bandit	Rather Be (feat. Jess Glynne) [Cash Cash x Valley Remix] - 1B - 7	6361
Bingo Players	Get Up (Rattle) [feat. Far East Movement] [Vocal Edit] - 4A - 7	6667
Ariana Grande	Problem (feat. Iggy Azalea) - 1A - 7	6740
JAY-Z	Tom Ford - 2A - 6	6845
Calvin Harris	Let's Go (feat. Ne-Yo) [Radio Edit] - 9A	6906
Top-5:
Clean Bandit	Rather Be (feat. Jess Glynne) [Cash Cash x Valley Remix] - 1B - 7	6360
Bingo Players	Get Up (Rattle) [feat. Far East Movement] [Vocal Edit] - 4A - 7	6663
Ariana Grande	Problem (feat. Iggy Azalea) - 1A - 7	6735
JAY-Z	Tom Ford - 2A - 6	6838
Calvin Harris	Let's Go (feat. Ne-Yo) [Radio Edit] - 9A	6898
Top-5:
Clean Bandit	Rather Be (feat. Jess Glynne) [Cash Cash x Valley Remix] - 1B - 7	6358
Bingo Players	Get Up (Rattle) [feat. Far East Movement] [Vocal Edit] - 4A - 7	6659
Ariana Grande	Problem (feat. Iggy Azalea) - 1A - 7	6729
JAY-Z	Tom Ford - 2A - 6	6830
Tove Lo	Habits (Stay High) [The Chainsmokers Extended Mix] - 7A - 7	6945
Top-5:
Clean Bandit	Rather Be (feat. Jess Glynne) [Cash Cash x Valley Remix] - 1B - 7	6358
Bingo Players	Get Up (Rattle) [feat. Far East Movement] [Vocal Edit] - 4A - 7	6657
Ariana Grande	Problem (feat. Iggy Azalea) - 1A - 7	6726
JAY-Z	Tom Ford - 2A - 6	6826
The Beastie Boys	Brass Monkey - 4A	7076
Top-5:
Clean Bandit	Rather Be (feat. Jess Glynne) [Cash Cash x Valley Remix] - 1B - 7	6362
Bingo Players	Get Up (Rattle) [feat. Far East Movement] [Vocal Edit] - 4A - 7	6658
Ariana Grande	Problem (feat. Iggy Azalea) - 1A - 7	6726
JAY-Z	Tom Ford - 2A - 6	6925
Tove Lo	Habits (Stay High) [The Chainsmokers Extended Mix] - 7A - 7	6932
Top-5:
Clean Bandit	Rather Be (feat. Jess Glynne) [Cash Cash x Valley Remix] - 1B - 7	6356
Bingo Players	Get Up (Rattle) [feat. Far East Movement] [Vocal Edit] - 4A - 7	6649
Ariana Grande	Problem (feat. Iggy Azalea) - 1A - 7	6716
JAY-Z	Tom Ford - 2A - 6	6911
Calvin Harris	Let's Go (feat. Ne-Yo) [Radio Edit] - 9A	6969
Top-5:
Clean Bandit	Rather Be (feat. Jess Glynne) [Cash Cash x Valley Remix] - 1B - 7	6358
Bingo Players	Get Up (Rattle) [feat. Far East Movement] [Vocal Edit] - 4A - 7	6650
Ariana Grande	Problem (feat. Iggy Azalea) - 1A - 7	6714
JAY-Z	Tom Ford - 2A - 6	6908
Tove Lo	Habits (Stay High) [The Chainsmokers Extended Mix] - 7A - 7	6912
Top-5:
Clean Bandit	Rather Be (feat. Jess Glynne) [Cash Cash x Valley Remix] - 1B - 7	6358
Bingo Players	Get Up (Rattle) [feat. Far East Movement] [Vocal Edit] - 4A - 7	6647
Ariana Grande	Problem (feat. Iggy Azalea) - 1A - 7	6711
JAY-Z	Tom Ford - 2A - 6	6902
Calvin Harris	Let's Go (feat. Ne-Yo) [Radio Edit] - 9A	6956
Top-5:
Clean Bandit	Rather Be (feat. Jess Glynne) [Cash Cash x Valley Remix] - 1B - 7	6362
Bingo Players	Get Up (Rattle) [feat. Far East Movement] [Vocal Edit] - 4A - 7	6649
Ariana Grande	Problem (feat. Iggy Azalea) - 1A - 7	6712
JAY-Z	Tom Ford - 2A - 6	6900
The Beastie Boys	Brass Monkey - 4A	7040
Top-5:
Clean Bandit	Rather Be (feat. Jess Glynne) [Cash Cash x Valley Remix] - 1B - 7	6364
Bingo Players	Get Up (Rattle) [feat. Far East Movement] [Vocal Edit] - 4A - 7	6649
Ariana Grande	Problem (feat. Iggy Azalea) - 1A - 7	6710
JAY-Z	Tom Ford - 2A - 6	6896
Tove Lo	Habits (Stay High) [The Chainsmokers Extended Mix] - 7A - 7	6895
Top-5:
Clean Bandit	Rather Be (feat. Jess Glynne) [Cash Cash x Valley Remix] - 1B - 7	6364
Bingo Players	Get Up (Rattle) [feat. Far East Movement] [Vocal Edit] - 4A - 7	6648
Ariana Grande	Problem (feat. Iggy Azalea) - 1A - 7	6708
JAY-Z	Tom Ford - 2A - 6	6891
The Beastie Boys	Brass Monkey - 4A	7028
Top-5:
Clean Bandit	Rather Be (feat. Jess Glynne) [Cash Cash x Valley Remix] - 1B - 7	6364
Bingo Players	Get Up (Rattle) [feat. Far East Movement] [Vocal Edit] - 4A - 7	6645
Ariana Grande	Problem (feat. Iggy Azalea) - 1A - 7	6704
JAY-Z	Tom Ford - 2A - 6	6885
The Beastie Boys	Brass Monkey - 4A	7021
Top-5:
Clean Bandit	Rather Be (feat. Jess Glynne) [Cash Cash x Valley Remix] - 1B - 7	6366
Bingo Players	Get Up (Rattle) [feat. Far East Movement] [Vocal Edit] - 4A - 7	6645
Ariana Grande	Problem (feat. Iggy Azalea) - 1A - 7	6703
JAY-Z	Tom Ford - 2A - 6	6881
The Beastie Boys	Brass Monkey - 4A	7016
Top-5:
Clean Bandit	Rather Be (feat. Jess Glynne) [Cash Cash x Valley Remix] - 1B - 7	6365
Bingo Players	Get Up (Rattle) [feat. Far East Movement] [Vocal Edit] - 4A - 7	6643
Ariana Grande	Problem (feat. Iggy Azalea) - 1A - 7	6700
JAY-Z	Tom Ford - 2A - 6	6876
The Beastie Boys	Brass Monkey - 4A	7009