MuzStream data/SoulAndFunk.input 40 33 84 5
Top-5:
Sir Joe Quarterman & Free Soul	Get Down Baby (Pt. 1 & 2) - 10A - 4	0
J. Gayle Gaymon	(If You) Study Long, You'll Study Wrong (Instrumental) - 8A - 5	283
The Blackbyrds	Happy Music - 9A - 7	590
Universe City	Can You Get Down - 7A - 6	885
Kool & The Gang	Hollywood Swinging (Single Version) - 9A - 6	1231
Top-5:
Marvin Gaye	Mercy Mercy Me (The Ecology)	6822
Apple and the Three Oranges	Curse Upon the World - 9A - 7	6736
Milton Wright	Keep It Up - 8A - 5	6247
Wild Cherry	Play That Funky Music	4435
The Isley Brothers	That Lady, Pts. 1 & 2 - 5A - 6	5379
Top-5:
Apple and the Three Oranges	Curse Upon the World - 9A - 7	6682
Marvin Gaye	Mercy Mercy Me (The Ecology)	6736
Kool & The Gang	Jungle Jazz - 6A - 6	6902
Milton Wright	Keep It Up - 8A - 5	6332
Legacy	I'm So Glad - 7A - 7	6753
Top-5:
Milton Wright	Keep It Up - 8A - 5	6466
Kool & The Gang	Hollywood Swinging (Single Version) - 9A - 6	5483
Kool & The Gang	Jungle Jazz - 6A - 6	6884
Apollis	What It Is, Pt. 1 - 10B - 5	5767
Marvin Gaye	Mercy Mercy Me (The Ecology)	6784
Top-5:
Milton Wright	Keep It Up - 8A - 5	6638
Kool & The Gang	Jungle Jazz - 6A - 6	6965
Marvin Gaye	Mercy Mercy Me (The Ecology)	6905
Al Wilson	How’s Your Love Life? - 5A - 6	7172
Sam & Dave	Soul Man - 9B/5A - 7	8752
Top-5:
Kool & The Gang	Jungle Jazz - 6A - 6	6976
Milton Wright	Keep It Up - 8A - 5	6709
Marvin Gaye	Mercy Mercy Me (The Ecology)	6941
Al Wilson	How’s Your Love Life? - 5A - 6	7167
The O'Jays	Rich Get Richer - 8B - 5	6920
Top-5:
Marvin Gaye	Mercy Mercy Me (The Ecology)	6942
Kool & The Gang	Jungle Jazz - 6A - 6	6958
Al Wilson	How’s Your Love Life? - 5A - 6	7138
Sam & Dave	Soul Man - 9B/5A - 7	8191
Kool & The Gang	Hollywood Swinging (Single Version) - 9A - 6	7235
Top-5:
Kool & The Gang	Jungle Jazz - 6A - 6	7031
Al Wilson	How’s Your Love Life? - 5A - 6	7203
Legacy	I'm So Glad - 7A - 7	7984
The O'Jays	Rich Get Richer - 8B - 5	7007
The Isley Brothers	That Lady, Pts. 1 & 2 - 5A - 6	7548
Top-5:
Kool & The Gang	Jungle Jazz - 6A - 6	7083
Al Wilson	How’s Your Love Life? - 5A - 6	7249
Apollis	What It Is, Pt. 1 - 10B - 5	7491
The Isley Brothers	That Lady, Pts. 1 & 2 - 5A - 6	7536
Marvin Gaye	Mercy Mercy Me (The Ecology)	8003
Top-5:
Kool & The Gang	Jungle Jazz - 6A - 6	7081
Al Wilson	How’s Your Love Life? - 5A - 6	7241
Legacy	I'm So Glad - 7A - 7	7815
Apollis	What It Is, Pt. 1 - 10B - 5	7453
The O'Jays	Rich Get Richer - 8B - 5	7073
Top-5:
Al Wilson	How’s Your Love Life? - 5A - 6	7273
The O'Jays	Rich Get Richer - 8B - 5	7116
Marvin Gaye	Mercy Mercy Me (The Ecology)	7876
The Isley Brothers	That Lady, Pts. 1 & 2 - 5A - 6	7473
Legacy	I'm So Glad - 7A - 7	7777
Top-5:
Al Wilson	How’s Your Love Life? - 5A - 6	7307
Legacy	I'm So Glad - 7A - 7	7753
Kool & The Gang	Jungle Jazz - 6A - 6	7831
The O'Jays	Rich Get Richer - 8B - 5	7160
Sam & Dave	Soul Man - 9B/5A - 7	8710
Top-5:
Al Wilson	How’s Your Love Life? - 5A - 6	7351
Legacy	I'm So Glad - 7A - 7	7749
The O'Jays	Rich Get Richer - 8B - 5	7212
Apollis	What It Is, Pt. 1 - 10B - 5	8214
The Isley Brothers	That Lady, Pts. 1 & 2 - 5A - 6	8209
Top-5:
Al Wilson	How’s Your Love Life? - 5A - 6	7337
The O'Jays	Rich Get Richer - 8B - 5	7200
Tom Browne	Funkin' For Jamaica - 5A - 5	8466
Marvin Gaye	Mercy Mercy Me (The Ecology)	8467
Legacy	I'm So Glad - 7A - 7	8360
Top-5:
Al Wilson	How’s Your Love Life? - 5A - 6	7322
The O'Jays	Rich Get Richer - 8B - 5	7188
Marvin Gaye	Mercy Mercy Me (The Ecology)	8362
Tom Browne	Funkin' For Jamaica - 5A - 5	8354
Milton Wright	Keep It Up - 8A - 5	8929
Top-5:
Al Wilson	How’s Your Love Life? - 5A - 6	7296
The O'Jays	Rich Get Richer - 8B - 5	7164
Tom Browne	Funkin' For Jamaica - 5A - 5	8243
Marvin Gaye	Mercy Mercy Me (The Ecology)	8257
The Isley Brothers	That Lady, Pts. 1 & 2 - 5A - 6	8565
Top-5:
Al Wilson	How’s Your Love Life? - 5A - 6	7323
The O'Jays	Rich Get Richer - 8B - 5	7194
Tom Browne	Funkin' For Jamaica - 5A - 5	8203
The Isley Brothers	That Lady, Pts. 1 & 2 - 5A - 6	8494
Legacy	I'm So Glad - 7A - 7	8709
Top-5:
Al Wilson	How’s Your Love Life? - 5A - 6	7327
The O'Jays	Rich Get Richer - 8B - 5	7201
Tom Browne	Funkin' For Jamaica - 5A - 5	8146
The Isley Brothers	That Lady, Pts. 1 & 2 - 5A - 6	8411
Marvin Gaye	Mercy Mercy Me (The Ecology)	8726
Top-5:
Al Wilson	How’s Your Love Life? - 5A - 6	7331
The O'Jays	Rich Get Richer - 8B - 5	7208
Tom Browne	Funkin' For Jamaica - 5A - 5	8096
The Isley Brothers	That Lady, Pts. 1 & 2 - 5A - 6	8338
Legacy	I'm So Glad - 7A - 7	8525
Top-5:
Al Wilson	How’s Your Love Life? - 5A - 6	7364
The O'Jays	Rich Get Richer - 8B - 5	7244
Tom Browne	Funkin' For Jamaica - 5A - 5	8084
Legacy	I'm So Glad - 7A - 7	8483
The Isley Brothers	That Lady, Pts. 1 & 2 - 5A - 6	8308
Top-5:
Al Wilson	How’s Your Love Life? - 5A - 6	7335
The O'Jays	Rich Get Richer - 8B - 5	7215
Tom Browne	Funkin' For Jamaica - 5A - 5	8008
The Isley Brothers	That Lady, Pts. 1 & 2 - 5A - 6	8212
Legacy	I'm So Glad - 7A - 7	8378
Top-5:
Al Wilson	How’s Your Love Life? - 5A - 6	7359
The O'Jays	Rich Get Richer - 8B - 5	7242
Legacy	I'm So Glad - 7A - 7	8342
The Isley Brothers	That Lady, Pts. 1 & 2 - 5A - 6	8186
Tom Browne	Funkin' For Jamaica - 5A - 5	8431
Top-5:
Al Wilson	How’s Your Love Life? - 5A - 6	7328
The O'Jays	Rich Get Richer - 8B - 5	7211
The Isley Brothers	That Lady, Pts. 1 & 2 - 5A - 6	8101
Legacy	I'm So Glad - 7A - 7	8250
Marvin Gaye	Mercy Mercy Me (The Ecology)	8824
Top-5:
Al Wilson	How’s Your Love Life? - 5A - 6	7315
The O'Jays	Rich Get Richer - 8B - 5	7198
The Isley Brothers	That Lady, Pts. 1 & 2 - 5A - 6	8042
Legacy	I'm So Glad - 7A - 7	8183
Tom Browne	Funkin' For Jamaica - 5A - 5	8696
Top-5:
Al Wilson	How’s Your Love Life? - 5A - 6	7324
The O'Jays	Rich Get Richer - 8B - 5	7209
The Isley Brothers	That Lady, Pts. 1 & 2 - 5A - 6	8012
Legacy	I'm So Glad - 7A - 7	8146
Tom Browne	Funkin' For Jamaica - 5A - 5	8636
Top-5:
Al Wilson	How’s Your Love Life? - 5A - 6	7308
The O'Jays	Rich Get Richer - 8B - 5	7193
The Isley Brothers	That Lady, Pts. 1 & 2 - 5A - 6	7957
Tom Browne	Funkin' For Jamaica - 5A - 5	8553
Sam & Dave	Soul Man - 9B/5A - 7	8634
Top-5:
Al Wilson	How’s Your Love Life? - 5A - 6	7307
The O'Jays	Rich Get Richer - 8B - 5	7492
The Isley Brothers	That Lady, Pts. 1 & 2 - 5A - 6	7922
Tom Browne	Funkin' For Jamaica - 5A - 5	8493
Legacy	I'm So Glad - 7A - 7	8409
Top-5:
Al Wilson	How’s Your Love Life? - 5A - 6	7310
The O'Jays	Rich Get Richer - 8B - 5	7484
The Isley Brothers	That Lady, Pts. 1 & 2 - 5A - 6	7894
Tom Browne	Funkin' For Jamaica - 5A - 5	8442
Marvin Gaye	Mercy Mercy Me (The Ecology)	8865
Top-5:
Al Wilson	How’s Your Love Life? - 5A - 6	7301
The O'Jays	Rich Get Richer - 8B - 5	7464
Tom Browne	Funkin' For Jamaica - 5A - 5	8382
The Isley Brothers	That Lady, Pts. 1 & 2 - 5A - 6	8183
Sam & Dave	Soul Man - 9B/5A - 7	8828
Top-5:
Al Wilson	How’s Your Love Life? - 5A - 6	7292
The O'Jays	Rich Get Richer - 8B - 5	7446
Tom Browne	Funkin' For Jamaica - 5A - 5	8326
The Isley Brothers	That Lady, Pts. 1 & 2 - 5A - 6	8133
Legacy	I'm So Glad - 7A - 7	8588
Top-5:
Al Wilson	How’s Your Love Life? - 5A - 6	7295
The O'Jays	Rich Get Richer - 8B - 5	7716
Tom Browne	Funkin' For Jamaica - 5A - 5	8287
The Isley Brothers	That Lady, Pts. 1 & 2 - 5A - 6	8099
Sam & Dave	Soul Man - 9B/5A - 7	8705
Top-5:
Al Wilson	How’s Your Love Life? - 5A - 6	7298
The O'Jays	Rich Get Richer - 8B - 5	7702
Tom Browne	Funkin' For Jamaica - 5A - 5	8252
The Isley Brothers	That Lady, Pts. 1 & 2 - 5A - 6	8068
Sam & Dave	Soul Man - 9B/5A - 7	8657
Top-5:
Al Wilson	How’s Your Love Life? - 5A - 6	7306
The O'Jays	Rich Get Richer - 8B - 5	7695
The Isley Brothers	That Lady, Pts. 1 & 2 - 5A - 6	8045
Tom Browne	Funkin' For Jamaica - 5A - 5	8224
Sam & Dave	Soul Man - 9B/5A - 7	8618
Top-5:
Al Wilson	How’s Your Love Life? - 5A - 6	7298
The O'Jays	Rich Get Richer - 8B - 5	7934
Sam & Dave	Soul Man - 9B/5A - 7	8563
The Isley Brothers	That Lady, Pts. 1 & 2 - 5A - 6	8293
Tom Browne	Funkin' For Jamaica - 5A - 5	8472
Top-5:
Al Wilson	How’s Your Love Life? - 5A - 6	7287
The O'Jays	Rich Get Richer - 8B - 5	7899
Sam & Dave	Soul Man - 9B/5A - 7	8510
Tom Browne	Funkin' For Jamaica - 5A - 5	8417
The Isley Brothers	That Lady, Pts. 1 & 2 - 5A - 6	8243
Top-5:
Al Wilson	How’s Your Love Life? - 5A - 6	7291
Sam & Dave	Soul Man - 9B/5A - 7	8475
Tom Browne	Funkin' For Jamaica - 5A - 5	8381
The O'Jays	Rich Get Richer - 8B - 5	8144
Legacy	I'm So Glad - 7A - 7	8592
Top-5:
Al Wilson	How’s Your Love Life? - 5A - 6	7299
The O'Jays	Rich Get Richer - 8B - 5	8124
Sam & Dave	Soul Man - 9B/5A - 7	8448
The Isley Brothers	That Lady, Pts. 1 & 2 - 5A - 6	8462
Legacy	I'm So Glad - 7A - 7	8555
Top-5:
Al Wilson	How’s Your Love Life? - 5A - 6	7295
Legacy	I'm So Glad - 7A - 7	8506
The Isley Brothers	That Lady, Pts. 1 & 2 - 5A - 6	8416
Tom Browne	Funkin' For Jamaica - 5A - 5	8583
The O'Jays	Rich Get Richer - 8B - 5	8353
Top-5:
Al Wilson	How’s Your Love Life? - 5A - 6	7295
The Isley Brothers	That Lady, Pts. 1 & 2 - 5A - 6	8377
Sam & Dave	Soul Man - 9B/5A - 7	8636
Legacy	I'm So Glad - 7A - 7	8464
Marvin Gaye	Mercy Mercy Me (The Ecology)	8873
Top-5:
Al Wilson	How’s Your Love Life? - 5A - 6	7301
Legacy	I'm So Glad - 7A - 7	8432
The O'Jays	Rich Get Richer - 8B - 5	8552
Tom Browne	Funkin' For Jamaica - 5A - 5	8774
Marvin Gaye	Mercy Mercy Me (The Ecology)	8832
Top-5:
Al Wilson	How’s Your Love Life? - 5A - 6	7295
Legacy	I'm So Glad - 7A - 7	8388
Tom Browne	Funkin' For Jamaica - 5A - 5	8720
The O'Jays	Rich Get Richer - 8B - 5	8505
The Isley Brothers	That Lady, Pts. 1 & 2 - 5A - 6	8560
Top-5:
Al Wilson	How’s Your Love Life? - 5A - 6	7300
Legacy	I'm So Glad - 7A - 7	8358
The O'Jays	Rich Get Richer - 8B - 5	8474
The Isley Brothers	That Lady, Pts. 1 & 2 - 5A - 6	8525
Tom Browne	Funkin' For Jamaica - 5A - 5	8682
Top-5:
Al Wilson	How’s Your Love Life? - 5A - 6	7302
The O'Jays	Rich Get Richer - 8B - 5	8441
Legacy	I'm So Glad - 7A - 7	8568
Sam & Dave	Soul Man - 9B/5A - 7	8995
Marvin Gaye	Mercy Mercy Me (The Ecology)	8957
Top-5:
Al Wilson	How’s Your Love Life? - 5A - 6	7309
Legacy	I'm So Glad - 7A - 7	8537
Marvin Gaye	Mercy Mercy Me (The Ecology)	8919
Tom Browne	Funkin' For Jamaica - 5A - 5	8859
The Isley Brothers	That Lady, Pts. 1 & 2 - 5A - 6	8705
Top-5:
Al Wilson	How’s Your Love Life? - 5A - 6	7306
Legacy	I'm So Glad - 7A - 7	8497
The Isley Brothers	That Lady, Pts. 1 & 2 - 5A - 6	8659
Tom Browne	Funkin' For Jamaica - 5A - 5	8810
Marvin Gaye	Mercy Mercy Me (The Ecology)	8871
Top-5:
Al Wilson	How’s Your Love Life? - 5A - 6	7314
Legacy	I'm So Glad - 7A - 7	8472
The O'Jays	Rich Get Richer - 8B - 5	8588
The Isley Brothers	That Lady, Pts. 1 & 2 - 5A - 6	8629
Marvin Gaye	Mercy Mercy Me (The Ecology)	8840
Top-5:
Al Wilson	How’s Your Love Life? - 5A - 6	7323
Legacy	I'm So Glad - 7A - 7	8450
Marvin Gaye	Mercy Mercy Me (The Ecology)	8811
The Isley Brothers	That Lady, Pts. 1 & 2 - 5A - 6	8602
Sam & Dave	Soul Man - 9B/5A - 7	9085
Top-5:
Al Wilson	How’s Your Love Life? - 5A - 6	7315
Legacy	I'm So Glad - 7A - 7	8409
The Isley Brothers	That Lady, Pts. 1 & 2 - 5A - 6	8557
Marvin Gaye	Mercy Mercy Me (The Ecology)	8764
Tom Browne	Funkin' For Jamaica - 5A - 5	8931
Top-5:
Al Wilson	How’s Your Love Life? - 5A - 6	7313
Legacy	I'm So Glad - 7A - 7	8377
The Isley Brothers	That Lady, Pts. 1 & 2 - 5A - 6	8520
Marvin Gaye	Mercy Mercy Me (The Ecology)	8726
Tom Browne	Funkin' For Jamaica - 5A - 5	8886
Top-5:
Al Wilson	How’s Your Love Life? - 5A - 6	7301
Legacy	I'm So Glad - 7A - 7	8334
The Isley Brothers	That Lady, Pts. 1 & 2 - 5A - 6	8473
Marvin Gaye	Mercy Mercy Me (The Ecology)	8677
The O'Jays	Rich Get Richer - 8B - 5	8655
Top-5:
Al Wilson	How’s Your Love Life? - 5A - 6	7294
Legacy	I'm So Glad - 7A - 7	8299
Marvin Gaye	Mercy Mercy Me (The Ecology)	8637
The Isley Brothers	That Lady, Pts. 1 & 2 - 5A - 6	8434
The O'Jays	Rich Get Richer - 8B - 5	8612
Top-5:
Al Wilson	How’s Your Love Life? - 5A - 6	7298
Marvin Gaye	Mercy Mercy Me (The Ecology)	8610
The Isley Brothers	That Lady, Pts. 1 & 2 - 5A - 6	8409
Legacy	I'm So Glad - 7A - 7	8472
Kool & The Gang	Hollywood Swinging (Single Version) - 9A - 6	8615
Top-5:
Al Wilson	How’s Your Love Life? - 5A - 6	7293
The Isley Brothers	That Lady, Pts. 1 & 2 - 5A - 6	8375
Marvin Gaye	Mercy Mercy Me (The Ecology)	8575
Legacy	I'm So Glad - 7A - 7	8437
The O'Jays	Rich Get Richer - 8B - 5	8547
Top-5:
Al Wilson	How’s Your Love Life? - 5A - 6	7290
The Isley Brothers	That Lady, Pts. 1 & 2 - 5A - 6	8345
Legacy	I'm So Glad - 7A - 7	8405
Marvin Gaye	Mercy Mercy Me (The Ecology)	8543
The O'Jays	Rich Get Richer - 8B - 5	8514
Top-5:
Al Wilson	How’s Your Love Life? - 5A - 6	7293
The Isley Brothers	That Lady, Pts. 1 & 2 - 5A - 6	8322
Marvin Gaye	Mercy Mercy Me (The Ecology)	8520
Legacy	I'm So Glad - 7A - 7	8381
The O'Jays	Rich Get Richer - 8B - 5	8488
Top-5:
Al Wilson	How’s Your Love Life? - 5A - 6	7293
Marvin Gaye	Mercy Mercy Me (The Ecology)	8494
The Isley Brothers	That Lady, Pts. 1 & 2 - 5A - 6	8298
The O'Jays	Rich Get Richer - 8B - 5	8461
Legacy	I'm So Glad - 7A - 7	8540
Top-5:
Al Wilson	How’s Your Love Life? - 5A - 6	7292
Marvin Gaye	Mercy Mercy Me (The Ecology)	8467
The Isley Brothers	That Lady, Pts. 1 & 2 - 5A - 6	8272
The O'Jays	Rich Get Richer - 8B - 5	8433
Legacy	I'm So Glad - 7A - 7	8509
Top-5:
Al Wilson	How’s Your Love Life? - 5A - 6	7295
The Isley Brothers	That Lady, Pts. 1 & 2 - 5A - 6	8253
Marvin Gaye	Mercy Mercy Me (The Ecology)	8447
Legacy	I'm So Glad - 7A - 7	8485
Kool & The Gang	Hollywood Swinging (Single Version) - 9A - 6	8619
Top-5:
Al Wilson	How’s Your Love Life? - 5A - 6	7291
Marvin Gaye	Mercy Mercy Me (The Ecology)	8419
Legacy	I'm So Glad - 7A - 7	8453
The Isley Brothers	That Lady, Pts. 1 & 2 - 5A - 6	8398
Kool & The Gang	Hollywood Swinging (Single Version) - 9A - 6	8585
Top-5:
Al Wilson	How’s Your Love Life? - 5A - 6	7298
Marvin Gaye	Mercy Mercy Me (The Ecology)	8406
Legacy	I'm So Glad - 7A - 7	8436
The Isley Brothers	That Lady, Pts. 1 & 2 - 5A - 6	8382
Kool & The Gang	Hollywood Swinging (Single Version) - 9A - 6	8566
Top-5:
Al Wilson	How’s Your Love Life? - 5A - 6	7293
Legacy	I'm So Glad - 7A - 7	8404
The Isley Brothers	That Lady, Pts. 1 & 2 - 5A - 6	8351
Marvin Gaye	Mercy Mercy Me (The Ecology)	8543
Kool & The Gang	Hollywood Swinging (Single Version) - 9A - 6	8532
Top-5:
Al Wilson	How’s Your Love Life? - 5A - 6	7291
Marvin Gaye	Mercy Mercy Me (The Ecology)	8517
Legacy	I'm So Glad - 7A - 7	8545
The Isley Brothers	That Lady, Pts. 1 & 2 - 5A - 6	8493
The O'Jays	Rich Get Richer - 8B - 5	8653
Top-5:
Al Wilson	How’s Your Love Life? - 5A - 6	7294
Marvin Gaye	Mercy Mercy Me (The Ecology)	8498
Legacy	I'm So Glad - 7A - 7	8523
Kool & The Gang	Hollywood Swinging (Single Version) - 9A - 6	8652
The O'Jays	Rich Get Richer - 8B - 5	8629
Top-5:
Al Wilson	How’s Your Love Life? - 5A - 6	7284
Marvin Gaye	Mercy Mercy Me (The Ecology)	8464
The O'Jays	Rich Get Richer - 8B - 5	8590
Kool & The Gang	Hollywood Swinging (Single Version) - 9A - 6	8612
The Isley Brothers	That Lady, Pts. 1 & 2 - 5A - 6	8600
Top-5:
Al Wilson	How’s Your Love Life? - 5A - 6	7289
Marvin Gaye	Mercy Mercy Me (The Ecology)	8605
Legacy	I'm So Glad - 7A - 7	8629
The O'Jays	Rich Get Richer - 8B - 5	8570
Kool & The Gang	Hollywood Swinging (Single Version) - 9A - 6	8591
Top-5:
Al Wilson	How’s Your Love Life? - 5A - 6	7286
Marvin Gaye	Mercy Mercy Me (The Ecology)	8578
The O'Jays	Rich Get Richer - 8B - 5	8542
The Isley Brothers	That Lady, Pts. 1 & 2 - 5A - 6	8548
Legacy	I'm So Glad - 7A - 7	8598
Top-5:
Al Wilson	How’s Your Love Life? - 5A - 6	7288
Marvin Gaye	Mercy Mercy Me (The Ecology)	8557
The Isley Brothers	That Lady, Pts. 1 & 2 - 5A - 6	8525
The O'Jays	Rich Get Richer - 8B - 5	8520
Legacy	I'm So Glad - 7A - 7	8574
Top-5:
Al Wilson	How’s Your Love Life? - 5A - 6	7285
Kool & The Gang	Hollywood Swinging (Single Version) - 9A - 6	8513
The Isley Brothers	That Lady, Pts. 1 & 2 - 5A - 6	8497
The O'Jays	Rich Get Richer - 8B - 5	8493
Marvin Gaye	Mercy Mercy Me (The Ecology)	8685
Top-5:
Al Wilson	How’s Your Love Life? - 5A - 6	7282
Marvin Gaye	Mercy Mercy Me (The Ecology)	8657
Kool & The Gang	Hollywood Swinging (Single Version) - 9A - 6	8486
The O'Jays	Rich Get Richer - 8B - 5	8467
The Isley Brothers	That Lady, Pts. 1 & 2 - 5A - 6	8625
Top-5:
Al Wilson	How’s Your Love Life? - 5A - 6	7282
Kool & The Gang	Hollywood Swinging (Single Version) - 9A - 6	8464
Marvin Gaye	Mercy Mercy Me (The Ecology)	8633
The Isley Brothers	That Lady, Pts. 1 & 2 - 5A - 6	8599
The O'Jays	Rich Get Richer - 8B - 5	8596
Top-5:
Al Wilson	How’s Your Love Life? - 5A - 6	7274
Marvin Gaye	Mercy Mercy Me (The Ecology)	8600
The O'Jays	Rich Get Richer - 8B - 5	8562
Kool & The Gang	Hollywood Swinging (Single Version) - 9A - 6	8580
Legacy	I'm So Glad - 7A - 7	8763
Top-5:
Al Wilson	How’s Your Love Life? - 5A - 6	7272
Marvin Gaye	Mercy Mercy Me (The Ecology)	8577
The O'Jays	Rich Get Richer - 8B - 5	8537
Legacy	I'm So Glad - 7A - 7	8734
Kool & The Gang	Hollywood Swinging (Single Version) - 9A - 6	8705
Top-5:
Al Wilson	How’s Your Love Life? - 5A - 6	7280
The O'Jays	Rich Get Richer - 8B - 5	8524
Marvin Gaye	Mercy Mercy Me (The Ecology)	8708
Kool & The Gang	Hollywood Swinging (Single Version) - 9A - 6	8688
Legacy	I'm So Glad - 7A - 7	8716
Top-5:
Al Wilson	How’s Your Love Life? - 5A - 6	7271
The O'Jays	Rich Get Richer - 8B - 5	8492
Marvin Gaye	Mercy Mercy Me (The Ecology)	8674
Kool & The Gang	Hollywood Swinging (Single Version) - 9A - 6	8653
Sam & Dave	Soul Man - 9B/5A - 7	9005
Top-5:
Al Wilson	How’s Your Love Life? - 5A - 6	7264
The O'Jays	Rich Get Richer - 8B - 5	8463
Kool & The Gang	Hollywood Swinging (Single Version) - 9A - 6	8621
Marvin Gaye	Mercy Mercy Me (The Ecology)	8786
Sam & Dave	Soul Man - 9B/5A - 7	8969
Top-5:
Al Wilson	How’s Your Love Life? - 5A - 6	7260
The O'Jays	Rich Get Richer - 8B - 5	8438
Marvin Gaye	Mercy Mercy Me (The Ecology)	8757
Kool & The Gang	Hollywood Swinging (Single Version) - 9A - 6	8593
Sam & Dave	Soul Man - 9B/5A - 7	8937
Top-5:
Al Wilson	How’s Your Love Life? - 5A - 6	7269
The O'Jays	Rich Get Richer - 8B - 5	8429
Kool & The Gang	Hollywood Swinging (Single Version) - 9A - 6	8581
Sam & Dave	Soul Man - 9B/5A - 7	8921
Marvin Gaye	Mercy Mercy Me (The Ecology)	8886
Top-5:
Al Wilson	How’s Your Love Life? - 5A - 6	7265
The O'Jays	Rich Get Richer - 8B - 5	8406
Kool & The Gang	Hollywood Swinging (Single Version) - 9A - 6	8554
Sam & Dave	Soul Man - 9B/5A - 7	8891
Marvin Gaye	Mercy Mercy Me (The Ecology)	8855
Top-5:
Al Wilson	How’s Your Love Life? - 5A - 6	7267
The O'Jays	Rich Get Richer - 8B - 5	8389
Kool & The Gang	Hollywood Swinging (Single Version) - 9A - 6	8535
Sam & Dave	Soul Man - 9B/5A - 7	8868
Legacy	I'm So Glad - 7A - 7	8832
Top-5:
Al Wilson	How’s Your Love Life? - 5A - 6	7268
The O'Jays	Rich Get Richer - 8B - 5	8373
Kool & The Gang	Hollywood Swinging (Single Version) - 9A - 6	8516
Apollis	What It Is, Pt. 1 - 10B - 5	8879
Marvin Gaye	Mercy Mercy Me (The Ecology)	8948
Top-5:
Al Wilson	How’s Your Love Life? - 5A - 6	7265
The O'Jays	Rich Get Richer - 8B - 5	8352
Kool & The Gang	Hollywood Swinging (Single Version) - 9A - 6	8493
Apollis	What It Is, Pt. 1 - 10B - 5	8851
Sam & Dave	Soul Man - 9B/5A - 7	8954
Top-5:
Al Wilson	How’s Your Love Life? - 5A - 6	7265
The O'Jays	Rich Get Richer - 8B - 5	8336
Kool & The Gang	Hollywood Swinging (Single Version) - 9A - 6	8473
Sam & Dave	Soul Man - 9B/5A - 7	8930
Tom Browne	Funkin' For Jamaica - 5A - 5	8958
Top-5:
Al Wilson	How’s Your Love Life? - 5A - 6	7269
The O'Jays	Rich Get Richer - 8B - 5	8323
Kool & The Gang	Hollywood Swinging (Single Version) - 9A - 6	8459
Sam & Dave	Soul Man - 9B/5A - 7	8910
Tom Browne	Funkin' For Jamaica - 5A - 5	8936
Top-5:
Al Wilson	How’s Your Love Life? - 5A - 6	7270
The O'Jays	Rich Get Richer - 8B - 5	8309
Kool & The Gang	Hollywood Swinging (Single Version) - 9A - 6	8442
Sam & Dave	Soul Man - 9B/5A - 7	8887
Tom Browne	Funkin' For Jamaica - 5A - 5	8911
